{"/home/ai/subtree-share/node/packages/secrets-sync/src/env.ts": {"path":"/home/ai/subtree-share/node/packages/secrets-sync/src/env.ts","statementMap":{"0":{"start":{"line":12,"column":8},"end":{"line":12,"column":40}},"1":{"start":{"line":13,"column":2},"end":{"line":14,"column":null}},"2":{"start":{"line":14,"column":4},"end":{"line":14,"column":null}},"3":{"start":{"line":17,"column":2},"end":{"line":17,"column":null}},"4":{"start":{"line":19,"column":8},"end":{"line":19,"column":52}},"5":{"start":{"line":20,"column":44},"end":{"line":20,"column":46}},"6":{"start":{"line":21,"column":8},"end":{"line":21,"column":39}},"7":{"start":{"line":23,"column":2},"end":{"line":49,"column":null}},"8":{"start":{"line":24,"column":20},"end":{"line":24,"column":31}},"9":{"start":{"line":26,"column":4},"end":{"line":26,"column":null}},"10":{"start":{"line":26,"column":45},"end":{"line":26,"column":null}},"11":{"start":{"line":28,"column":20},"end":{"line":28,"column":40}},"12":{"start":{"line":29,"column":4},"end":{"line":29,"column":null}},"13":{"start":{"line":29,"column":24},"end":{"line":29,"column":null}},"14":{"start":{"line":31,"column":16},"end":{"line":31,"column":48}},"15":{"start":{"line":32,"column":18},"end":{"line":32,"column":51}},"16":{"start":{"line":34,"column":4},"end":{"line":34,"column":null}},"17":{"start":{"line":34,"column":14},"end":{"line":34,"column":null}},"18":{"start":{"line":37,"column":4},"end":{"line":49,"column":null}},"19":{"start":{"line":38,"column":29},"end":{"line":38,"column":43}},"20":{"start":{"line":39,"column":12},"end":{"line":39,"column":63}},"21":{"start":{"line":40,"column":6},"end":{"line":40,"column":null}},"22":{"start":{"line":43,"column":13},"end":{"line":49,"column":null}},"23":{"start":{"line":44,"column":21},"end":{"line":44,"column":35}},"24":{"start":{"line":45,"column":6},"end":{"line":45,"column":null}},"25":{"start":{"line":49,"column":6},"end":{"line":49,"column":null}},"26":{"start":{"line":53,"column":2},"end":{"line":53,"column":null}},"27":{"start":{"line":62,"column":2},"end":{"line":63,"column":null}},"28":{"start":{"line":63,"column":4},"end":{"line":63,"column":null}},"29":{"start":{"line":67,"column":2},"end":{"line":105,"column":null}},"30":{"start":{"line":68,"column":18},"end":{"line":68,"column":null}},"31":{"start":{"line":70,"column":4},"end":{"line":105,"column":null}},"32":{"start":{"line":72,"column":8},"end":{"line":72,"column":null}},"33":{"start":{"line":75,"column":25},"end":{"line":75,"column":null}},"34":{"start":{"line":76,"column":8},"end":{"line":77,"column":null}},"35":{"start":{"line":77,"column":10},"end":{"line":77,"column":null}},"36":{"start":{"line":79,"column":8},"end":{"line":79,"column":null}},"37":{"start":{"line":80,"column":8},"end":{"line":80,"column":null}},"38":{"start":{"line":83,"column":8},"end":{"line":85,"column":null}},"39":{"start":{"line":84,"column":10},"end":{"line":84,"column":null}},"40":{"start":{"line":85,"column":10},"end":{"line":85,"column":null}},"41":{"start":{"line":88,"column":8},"end":{"line":102,"column":null}},"42":{"start":{"line":89,"column":16},"end":{"line":89,"column":45}},"43":{"start":{"line":90,"column":23},"end":{"line":90,"column":null}},"44":{"start":{"line":92,"column":10},"end":{"line":96,"column":null}},"45":{"start":{"line":93,"column":12},"end":{"line":96,"column":null}},"46":{"start":{"line":99,"column":10},"end":{"line":102,"column":null}},"47":{"start":{"line":104,"column":14},"end":{"line":104,"column":57}},"48":{"start":{"line":105,"column":8},"end":{"line":105,"column":null}},"49":{"start":{"line":111,"column":19},"end":{"line":111,"column":null}},"50":{"start":{"line":112,"column":2},"end":{"line":113,"column":null}},"51":{"start":{"line":113,"column":4},"end":{"line":113,"column":null}},"52":{"start":{"line":116,"column":2},"end":{"line":116,"column":null}}},"fnMap":{"0":{"name":"parseEnvFile","decl":{"start":{"line":11,"column":16},"end":{"line":11,"column":29}},"loc":{"start":{"line":11,"column":73},"end":{"line":53,"column":null}},"line":11},"1":{"name":"resolveSecretValue","decl":{"start":{"line":56,"column":16},"end":{"line":56,"column":null}},"loc":{"start":{"line":60,"column":22},"end":{"line":116,"column":null}},"line":60}},"branchMap":{"0":{"loc":{"start":{"line":13,"column":2},"end":{"line":14,"column":null}},"type":"if","locations":[{"start":{"line":13,"column":2},"end":{"line":14,"column":null}},{"start":{},"end":{}}],"line":13},"1":{"loc":{"start":{"line":26,"column":4},"end":{"line":26,"column":null}},"type":"if","locations":[{"start":{"line":26,"column":4},"end":{"line":26,"column":null}},{"start":{},"end":{}}],"line":26},"2":{"loc":{"start":{"line":26,"column":8},"end":{"line":26,"column":43}},"type":"binary-expr","locations":[{"start":{"line":26,"column":8},"end":{"line":26,"column":20}},{"start":{"line":26,"column":20},"end":{"line":26,"column":43}}],"line":26},"3":{"loc":{"start":{"line":29,"column":4},"end":{"line":29,"column":null}},"type":"if","locations":[{"start":{"line":29,"column":4},"end":{"line":29,"column":null}},{"start":{},"end":{}}],"line":29},"4":{"loc":{"start":{"line":34,"column":4},"end":{"line":34,"column":null}},"type":"if","locations":[{"start":{"line":34,"column":4},"end":{"line":34,"column":null}},{"start":{},"end":{}}],"line":34},"5":{"loc":{"start":{"line":37,"column":4},"end":{"line":49,"column":null}},"type":"if","locations":[{"start":{"line":37,"column":4},"end":{"line":49,"column":null}},{"start":{"line":43,"column":13},"end":{"line":49,"column":null}}],"line":37},"6":{"loc":{"start":{"line":43,"column":13},"end":{"line":49,"column":null}},"type":"if","locations":[{"start":{"line":43,"column":13},"end":{"line":49,"column":null}},{"start":{"line":48,"column":9},"end":{"line":49,"column":null}}],"line":43},"7":{"loc":{"start":{"line":62,"column":2},"end":{"line":63,"column":null}},"type":"if","locations":[{"start":{"line":62,"column":2},"end":{"line":63,"column":null}},{"start":{},"end":{}}],"line":62},"8":{"loc":{"start":{"line":67,"column":2},"end":{"line":105,"column":null}},"type":"if","locations":[{"start":{"line":67,"column":2},"end":{"line":105,"column":null}},{"start":{},"end":{}}],"line":67},"9":{"loc":{"start":{"line":67,"column":6},"end":{"line":67,"column":48}},"type":"binary-expr","locations":[{"start":{"line":67,"column":6},"end":{"line":67,"column":24}},{"start":{"line":67,"column":24},"end":{"line":67,"column":48}}],"line":67},"10":{"loc":{"start":{"line":70,"column":4},"end":{"line":105,"column":null}},"type":"switch","locations":[{"start":{"line":71,"column":6},"end":{"line":72,"column":null}},{"start":{"line":74,"column":6},"end":{"line":80,"column":null}},{"start":{"line":82,"column":6},"end":{"line":105,"column":null}}],"line":70},"11":{"loc":{"start":{"line":76,"column":8},"end":{"line":77,"column":null}},"type":"if","locations":[{"start":{"line":76,"column":8},"end":{"line":77,"column":null}},{"start":{},"end":{}}],"line":76},"12":{"loc":{"start":{"line":83,"column":8},"end":{"line":85,"column":null}},"type":"if","locations":[{"start":{"line":83,"column":8},"end":{"line":85,"column":null}},{"start":{},"end":{}}],"line":83},"13":{"loc":{"start":{"line":92,"column":10},"end":{"line":96,"column":null}},"type":"if","locations":[{"start":{"line":92,"column":10},"end":{"line":96,"column":null}},{"start":{},"end":{}}],"line":92},"14":{"loc":{"start":{"line":92,"column":14},"end":{"line":92,"column":48}},"type":"binary-expr","locations":[{"start":{"line":92,"column":14},"end":{"line":92,"column":32}},{"start":{"line":92,"column":32},"end":{"line":92,"column":48}}],"line":92},"15":{"loc":{"start":{"line":100,"column":40},"end":{"line":100,"column":84}},"type":"cond-expr","locations":[{"start":{"line":100,"column":61},"end":{"line":100,"column":73}},{"start":{"line":100,"column":73},"end":{"line":100,"column":84}}],"line":100},"16":{"loc":{"start":{"line":112,"column":2},"end":{"line":113,"column":null}},"type":"if","locations":[{"start":{"line":112,"column":2},"end":{"line":113,"column":null}},{"start":{},"end":{}}],"line":112}},"s":{"0":8,"1":8,"2":1,"3":7,"4":7,"5":7,"6":7,"7":7,"8":21,"9":21,"10":11,"11":10,"12":10,"13":0,"14":10,"15":10,"16":10,"17":0,"18":10,"19":2,"20":2,"21":2,"22":8,"23":1,"24":1,"25":7,"26":7,"27":16,"28":2,"29":14,"30":9,"31":9,"32":5,"33":2,"34":2,"35":1,"36":1,"37":1,"38":2,"39":1,"40":1,"41":1,"42":1,"43":1,"44":1,"45":1,"46":0,"47":1,"48":1,"49":5,"50":5,"51":4,"52":1},"f":{"0":8,"1":16},"b":{"0":[1,7],"1":[11,10],"2":[21,12],"3":[0,10],"4":[0,10],"5":[2,8],"6":[1,7],"7":[2,14],"8":[9,5],"9":[14,9],"10":[5,2,2],"11":[1,1],"12":[1,1],"13":[1,0],"14":[1,1],"15":[0,0],"16":[4,1]},"meta":{"lastBranch":17,"lastFunction":2,"lastStatement":53,"seen":{"f:11:16:11:29":0,"s:12:8:12:40":0,"b:13:2:14:Infinity:undefined:undefined:undefined:undefined":0,"s:13:2:14:Infinity":1,"s:14:4:14:Infinity":2,"s:17:2:17:Infinity":3,"s:19:8:19:52":4,"s:20:44:20:46":5,"s:21:8:21:39":6,"s:23:2:49:Infinity":7,"s:24:20:24:31":8,"b:26:4:26:Infinity:undefined:undefined:undefined:undefined":1,"s:26:4:26:Infinity":9,"b:26:8:26:20:26:20:26:43":2,"s:26:45:26:Infinity":10,"s:28:20:28:40":11,"b:29:4:29:Infinity:undefined:undefined:undefined:undefined":3,"s:29:4:29:Infinity":12,"s:29:24:29:Infinity":13,"s:31:16:31:48":14,"s:32:18:32:51":15,"b:34:4:34:Infinity:undefined:undefined:undefined:undefined":4,"s:34:4:34:Infinity":16,"s:34:14:34:Infinity":17,"b:37:4:49:Infinity:43:13:49:Infinity":5,"s:37:4:49:Infinity":18,"s:38:29:38:43":19,"s:39:12:39:63":20,"s:40:6:40:Infinity":21,"b:43:13:49:Infinity:48:9:49:Infinity":6,"s:43:13:49:Infinity":22,"s:44:21:44:35":23,"s:45:6:45:Infinity":24,"s:49:6:49:Infinity":25,"s:53:2:53:Infinity":26,"f:56:16:56:Infinity":1,"b:62:2:63:Infinity:undefined:undefined:undefined:undefined":7,"s:62:2:63:Infinity":27,"s:63:4:63:Infinity":28,"b:67:2:105:Infinity:undefined:undefined:undefined:undefined":8,"s:67:2:105:Infinity":29,"b:67:6:67:24:67:24:67:48":9,"s:68:18:68:Infinity":30,"b:71:6:72:Infinity:74:6:80:Infinity:82:6:105:Infinity":10,"s:70:4:105:Infinity":31,"s:72:8:72:Infinity":32,"s:75:25:75:Infinity":33,"b:76:8:77:Infinity:undefined:undefined:undefined:undefined":11,"s:76:8:77:Infinity":34,"s:77:10:77:Infinity":35,"s:79:8:79:Infinity":36,"s:80:8:80:Infinity":37,"b:83:8:85:Infinity:undefined:undefined:undefined:undefined":12,"s:83:8:85:Infinity":38,"s:84:10:84:Infinity":39,"s:85:10:85:Infinity":40,"s:88:8:102:Infinity":41,"s:89:16:89:45":42,"s:90:23:90:Infinity":43,"b:92:10:96:Infinity:undefined:undefined:undefined:undefined":13,"s:92:10:96:Infinity":44,"b:92:14:92:32:92:32:92:48":14,"s:93:12:96:Infinity":45,"s:99:10:102:Infinity":46,"b:100:61:100:73:100:73:100:84":15,"s:104:14:104:57":47,"s:105:8:105:Infinity":48,"s:111:19:111:Infinity":49,"b:112:2:113:Infinity:undefined:undefined:undefined:undefined":16,"s:112:2:113:Infinity":50,"s:113:4:113:Infinity":51,"s:116:2:116:Infinity":52}}}
,"/home/ai/subtree-share/node/packages/secrets-sync/src/fs-utils.ts": {"path":"/home/ai/subtree-share/node/packages/secrets-sync/src/fs-utils.ts","statementMap":{"0":{"start":{"line":9,"column":2},"end":{"line":12,"column":null}},"1":{"start":{"line":10,"column":4},"end":{"line":10,"column":null}},"2":{"start":{"line":12,"column":4},"end":{"line":12,"column":null}},"3":{"start":{"line":17,"column":2},"end":{"line":25,"column":null}},"4":{"start":{"line":18,"column":10},"end":{"line":18,"column":36}},"5":{"start":{"line":19,"column":17},"end":{"line":19,"column":null}},"6":{"start":{"line":20,"column":4},"end":{"line":22,"column":null}},"7":{"start":{"line":21,"column":6},"end":{"line":21,"column":null}},"8":{"start":{"line":22,"column":6},"end":{"line":22,"column":null}},"9":{"start":{"line":25,"column":4},"end":{"line":25,"column":null}}},"fnMap":{"0":{"name":"setSecurePermissions","decl":{"start":{"line":8,"column":16},"end":{"line":8,"column":37}},"loc":{"start":{"line":8,"column":61},"end":{"line":12,"column":null}},"line":8},"1":{"name":"checkFilePermissions","decl":{"start":{"line":16,"column":16},"end":{"line":16,"column":37}},"loc":{"start":{"line":16,"column":61},"end":{"line":25,"column":null}},"line":16}},"branchMap":{"0":{"loc":{"start":{"line":12,"column":61},"end":{"line":12,"column":103}},"type":"cond-expr","locations":[{"start":{"line":12,"column":82},"end":{"line":12,"column":94}},{"start":{"line":12,"column":94},"end":{"line":12,"column":103}}],"line":12},"1":{"loc":{"start":{"line":20,"column":4},"end":{"line":22,"column":null}},"type":"if","locations":[{"start":{"line":20,"column":4},"end":{"line":22,"column":null}},{"start":{},"end":{}}],"line":20},"2":{"loc":{"start":{"line":25,"column":64},"end":{"line":25,"column":106}},"type":"cond-expr","locations":[{"start":{"line":25,"column":85},"end":{"line":25,"column":97}},{"start":{"line":25,"column":97},"end":{"line":25,"column":106}}],"line":25}},"s":{"0":9,"1":9,"2":0,"3":9,"4":9,"5":9,"6":9,"7":9,"8":9,"9":0},"f":{"0":9,"1":9},"b":{"0":[0,0],"1":[9,0],"2":[0,0]},"meta":{"lastBranch":3,"lastFunction":2,"lastStatement":10,"seen":{"f:8:16:8:37":0,"s:9:2:12:Infinity":0,"s:10:4:10:Infinity":1,"s:12:4:12:Infinity":2,"b:12:82:12:94:12:94:12:103":0,"f:16:16:16:37":1,"s:17:2:25:Infinity":3,"s:18:10:18:36":4,"s:19:17:19:Infinity":5,"b:20:4:22:Infinity:undefined:undefined:undefined:undefined":1,"s:20:4:22:Infinity":6,"s:21:6:21:Infinity":7,"s:22:6:22:Infinity":8,"s:25:4:25:Infinity":9,"b:25:85:25:97:25:97:25:106":2}}}
,"/home/ai/subtree-share/node/packages/secrets-sync/src/github.ts": {"path":"/home/ai/subtree-share/node/packages/secrets-sync/src/github.ts","statementMap":{"0":{"start":{"line":14,"column":2},"end":{"line":22,"column":null}},"1":{"start":{"line":16,"column":6},"end":{"line":20,"column":null}},"2":{"start":{"line":25,"column":22},"end":{"line":25,"column":50}},"3":{"start":{"line":28,"column":2},"end":{"line":34,"column":null}},"4":{"start":{"line":29,"column":19},"end":{"line":29,"column":93}},"5":{"start":{"line":30,"column":19},"end":{"line":30,"column":37}},"6":{"start":{"line":31,"column":4},"end":{"line":31,"column":null}},"7":{"start":{"line":31,"column":29},"end":{"line":31,"column":36}},"8":{"start":{"line":33,"column":16},"end":{"line":33,"column":58}},"9":{"start":{"line":34,"column":4},"end":{"line":34,"column":null}},"10":{"start":{"line":39,"column":56},"end":{"line":39,"column":null}},"11":{"start":{"line":41,"column":8},"end":{"line":41,"column":63}},"12":{"start":{"line":42,"column":8},"end":{"line":42,"column":44}},"13":{"start":{"line":44,"column":2},"end":{"line":55,"column":null}},"14":{"start":{"line":46,"column":4},"end":{"line":46,"column":null}},"15":{"start":{"line":47,"column":4},"end":{"line":47,"column":null}},"16":{"start":{"line":49,"column":16},"end":{"line":49,"column":58}},"17":{"start":{"line":50,"column":4},"end":{"line":50,"column":null}},"18":{"start":{"line":52,"column":4},"end":{"line":55,"column":null}},"19":{"start":{"line":53,"column":6},"end":{"line":53,"column":null}},"20":{"start":{"line":55,"column":6},"end":{"line":55,"column":null}},"21":{"start":{"line":61,"column":21},"end":{"line":61,"column":52}},"22":{"start":{"line":62,"column":2},"end":{"line":79,"column":null}},"23":{"start":{"line":63,"column":19},"end":{"line":74,"column":6}},"24":{"start":{"line":75,"column":19},"end":{"line":75,"column":37}},"25":{"start":{"line":76,"column":4},"end":{"line":76,"column":null}},"26":{"start":{"line":76,"column":29},"end":{"line":76,"column":45}},"27":{"start":{"line":78,"column":16},"end":{"line":78,"column":58}},"28":{"start":{"line":79,"column":4},"end":{"line":79,"column":null}},"29":{"start":{"line":84,"column":2},"end":{"line":88,"column":null}},"30":{"start":{"line":85,"column":19},"end":{"line":85,"column":74}},"31":{"start":{"line":86,"column":4},"end":{"line":86,"column":null}},"32":{"start":{"line":88,"column":4},"end":{"line":88,"column":null}},"33":{"start":{"line":93,"column":2},"end":{"line":98,"column":null}},"34":{"start":{"line":94,"column":19},"end":{"line":94,"column":84}},"35":{"start":{"line":95,"column":19},"end":{"line":95,"column":37}},"36":{"start":{"line":96,"column":4},"end":{"line":96,"column":null}},"37":{"start":{"line":98,"column":4},"end":{"line":98,"column":null}}},"fnMap":{"0":{"name":"createDefaultCommandRunner","decl":{"start":{"line":13,"column":9},"end":{"line":13,"column":53}},"loc":{"start":{"line":13,"column":53},"end":{"line":22,"column":null}},"line":13},"1":{"name":"(anonymous_1)","decl":{"start":{"line":15,"column":4},"end":{"line":15,"column":12}},"loc":{"start":{"line":15,"column":104},"end":{"line":22,"column":null}},"line":15},"2":{"name":"listSecretNames","decl":{"start":{"line":27,"column":16},"end":{"line":27,"column":32}},"loc":{"start":{"line":27,"column":95},"end":{"line":34,"column":null}},"line":27},"3":{"name":"(anonymous_3)","decl":{"start":{"line":31,"column":18},"end":{"line":31,"column":23}},"loc":{"start":{"line":31,"column":29},"end":{"line":31,"column":36}},"line":31},"4":{"name":"setSecret","decl":{"start":{"line":38,"column":16},"end":{"line":38,"column":26}},"loc":{"start":{"line":38,"column":56},"end":{"line":55,"column":null}},"line":38},"5":{"name":"findReposByLabel","decl":{"start":{"line":60,"column":16},"end":{"line":60,"column":33}},"loc":{"start":{"line":60,"column":113},"end":{"line":79,"column":null}},"line":60},"6":{"name":"(anonymous_6)","decl":{"start":{"line":76,"column":18},"end":{"line":76,"column":23}},"loc":{"start":{"line":76,"column":29},"end":{"line":76,"column":45}},"line":76},"7":{"name":"getCurrentUser","decl":{"start":{"line":83,"column":16},"end":{"line":83,"column":31}},"loc":{"start":{"line":83,"column":78},"end":{"line":88,"column":null}},"line":83},"8":{"name":"getCurrentRepo","decl":{"start":{"line":92,"column":16},"end":{"line":92,"column":31}},"loc":{"start":{"line":92,"column":78},"end":{"line":98,"column":null}},"line":92}},"branchMap":{"0":{"loc":{"start":{"line":27,"column":46},"end":{"line":27,"column":95}},"type":"default-arg","locations":[{"start":{"line":27,"column":70},"end":{"line":27,"column":95}}],"line":27},"1":{"loc":{"start":{"line":33,"column":16},"end":{"line":33,"column":58}},"type":"cond-expr","locations":[{"start":{"line":33,"column":37},"end":{"line":33,"column":49}},{"start":{"line":33,"column":49},"end":{"line":33,"column":58}}],"line":33},"2":{"loc":{"start":{"line":39,"column":29},"end":{"line":39,"column":56}},"type":"default-arg","locations":[{"start":{"line":39,"column":38},"end":{"line":39,"column":56}}],"line":39},"3":{"loc":{"start":{"line":49,"column":16},"end":{"line":49,"column":58}},"type":"cond-expr","locations":[{"start":{"line":49,"column":37},"end":{"line":49,"column":49}},{"start":{"line":49,"column":49},"end":{"line":49,"column":58}}],"line":49},"4":{"loc":{"start":{"line":55,"column":37},"end":{"line":55,"column":81}},"type":"cond-expr","locations":[{"start":{"line":55,"column":58},"end":{"line":55,"column":70}},{"start":{"line":55,"column":70},"end":{"line":55,"column":81}}],"line":55},"5":{"loc":{"start":{"line":60,"column":64},"end":{"line":60,"column":113}},"type":"default-arg","locations":[{"start":{"line":60,"column":88},"end":{"line":60,"column":113}}],"line":60},"6":{"loc":{"start":{"line":61,"column":21},"end":{"line":61,"column":52}},"type":"binary-expr","locations":[{"start":{"line":61,"column":21},"end":{"line":61,"column":30}},{"start":{"line":61,"column":30},"end":{"line":61,"column":52}}],"line":61},"7":{"loc":{"start":{"line":78,"column":16},"end":{"line":78,"column":58}},"type":"cond-expr","locations":[{"start":{"line":78,"column":37},"end":{"line":78,"column":49}},{"start":{"line":78,"column":49},"end":{"line":78,"column":58}}],"line":78},"8":{"loc":{"start":{"line":83,"column":31},"end":{"line":83,"column":78}},"type":"default-arg","locations":[{"start":{"line":83,"column":55},"end":{"line":83,"column":78}}],"line":83},"9":{"loc":{"start":{"line":92,"column":31},"end":{"line":92,"column":78}},"type":"default-arg","locations":[{"start":{"line":92,"column":55},"end":{"line":92,"column":78}}],"line":92}},"s":{"0":2,"1":0,"2":2,"3":3,"4":3,"5":3,"6":3,"7":2,"8":1,"9":1,"10":9,"11":9,"12":9,"13":9,"14":9,"15":9,"16":8,"17":8,"18":9,"19":9,"20":0,"21":4,"22":4,"23":4,"24":4,"25":4,"26":5,"27":0,"28":0,"29":4,"30":4,"31":4,"32":1,"33":3,"34":3,"35":3,"36":3,"37":1},"f":{"0":2,"1":0,"2":3,"3":2,"4":9,"5":4,"6":5,"7":4,"8":3},"b":{"0":[3],"1":[1,0],"2":[9],"3":[8,0],"4":[0,0],"5":[4],"6":[4,2],"7":[0,0],"8":[4],"9":[3]},"meta":{"lastBranch":10,"lastFunction":9,"lastStatement":38,"seen":{"f:13:9:13:53":0,"s:14:2:22:Infinity":0,"f:15:4:15:12":1,"s:16:6:20:Infinity":1,"s:25:22:25:50":2,"f:27:16:27:32":2,"b:27:70:27:95":0,"s:28:2:34:Infinity":3,"s:29:19:29:93":4,"s:30:19:30:37":5,"s:31:4:31:Infinity":6,"f:31:18:31:23":3,"s:31:29:31:36":7,"s:33:16:33:58":8,"b:33:37:33:49:33:49:33:58":1,"s:34:4:34:Infinity":9,"f:38:16:38:26":4,"s:39:56:39:Infinity":10,"b:39:38:39:56":2,"s:41:8:41:63":11,"s:42:8:42:44":12,"s:44:2:55:Infinity":13,"s:46:4:46:Infinity":14,"s:47:4:47:Infinity":15,"s:49:16:49:58":16,"b:49:37:49:49:49:49:49:58":3,"s:50:4:50:Infinity":17,"s:52:4:55:Infinity":18,"s:53:6:53:Infinity":19,"s:55:6:55:Infinity":20,"b:55:58:55:70:55:70:55:81":4,"f:60:16:60:33":5,"b:60:88:60:113":5,"s:61:21:61:52":21,"b:61:21:61:30:61:30:61:52":6,"s:62:2:79:Infinity":22,"s:63:19:74:6":23,"s:75:19:75:37":24,"s:76:4:76:Infinity":25,"f:76:18:76:23":6,"s:76:29:76:45":26,"s:78:16:78:58":27,"b:78:37:78:49:78:49:78:58":7,"s:79:4:79:Infinity":28,"f:83:16:83:31":7,"b:83:55:83:78":8,"s:84:2:88:Infinity":29,"s:85:19:85:74":30,"s:86:4:86:Infinity":31,"s:88:4:88:Infinity":32,"f:92:16:92:31":8,"b:92:55:92:78":9,"s:93:2:98:Infinity":33,"s:94:19:94:84":34,"s:95:19:95:37":35,"s:96:4:96:Infinity":36,"s:98:4:98:Infinity":37}}}
,"/home/ai/subtree-share/node/packages/secrets-sync/src/logger.ts": {"path":"/home/ai/subtree-share/node/packages/secrets-sync/src/logger.ts","statementMap":{"0":{"start":{"line":9,"column":13},"end":{"line":9,"column":28}},"1":{"start":{"line":11,"column":22},"end":{"line":20,"column":2}}},"fnMap":{},"branchMap":{},"s":{"0":4,"1":4},"f":{},"b":{},"meta":{"lastBranch":0,"lastFunction":0,"lastStatement":2,"seen":{"s:9:13:9:28":0,"s:11:22:20:2":1}}}
,"/home/ai/subtree-share/node/packages/secrets-sync/src/commands/sync.ts": {"path":"/home/ai/subtree-share/node/packages/secrets-sync/src/commands/sync.ts","statementMap":{"0":{"start":{"line":12,"column":24},"end":{"line":12,"column":34}},"1":{"start":{"line":14,"column":19},"end":{"line":16,"column":4}},"2":{"start":{"line":18,"column":19},"end":{"line":20,"column":4}},"3":{"start":{"line":22,"column":16},"end":{"line":24,"column":4}},"4":{"start":{"line":26,"column":17},"end":{"line":28,"column":4}},"5":{"start":{"line":30,"column":17},"end":{"line":32,"column":4}},"6":{"start":{"line":34,"column":18},"end":{"line":36,"column":4}},"7":{"start":{"line":43,"column":23},"end":{"line":43,"column":null}},"8":{"start":{"line":44,"column":23},"end":{"line":44,"column":null}},"9":{"start":{"line":46,"column":4},"end":{"line":48,"column":null}},"10":{"start":{"line":47,"column":6},"end":{"line":47,"column":null}},"11":{"start":{"line":48,"column":6},"end":{"line":48,"column":null}},"12":{"start":{"line":52,"column":4},"end":{"line":54,"column":null}},"13":{"start":{"line":53,"column":6},"end":{"line":53,"column":null}},"14":{"start":{"line":54,"column":6},"end":{"line":54,"column":null}},"15":{"start":{"line":58,"column":27},"end":{"line":58,"column":null}},"16":{"start":{"line":62,"column":4},"end":{"line":71,"column":null}},"17":{"start":{"line":63,"column":6},"end":{"line":65,"column":null}},"18":{"start":{"line":64,"column":20},"end":{"line":64,"column":28}},"19":{"start":{"line":65,"column":23},"end":{"line":65,"column":36}},"20":{"start":{"line":66,"column":15},"end":{"line":71,"column":null}},"21":{"start":{"line":68,"column":6},"end":{"line":68,"column":null}},"22":{"start":{"line":70,"column":6},"end":{"line":70,"column":null}},"23":{"start":{"line":71,"column":6},"end":{"line":71,"column":null}},"24":{"start":{"line":74,"column":4},"end":{"line":76,"column":null}},"25":{"start":{"line":75,"column":6},"end":{"line":75,"column":null}},"26":{"start":{"line":76,"column":6},"end":{"line":76,"column":null}},"27":{"start":{"line":81,"column":4},"end":{"line":96,"column":null}},"28":{"start":{"line":82,"column":6},"end":{"line":85,"column":null}},"29":{"start":{"line":84,"column":20},"end":{"line":84,"column":28}},"30":{"start":{"line":85,"column":23},"end":{"line":85,"column":36}},"31":{"start":{"line":86,"column":15},"end":{"line":96,"column":null}},"32":{"start":{"line":88,"column":20},"end":{"line":88,"column":null}},"33":{"start":{"line":89,"column":6},"end":{"line":89,"column":null}},"34":{"start":{"line":92,"column":6},"end":{"line":96,"column":null}},"35":{"start":{"line":93,"column":8},"end":{"line":93,"column":null}},"36":{"start":{"line":95,"column":8},"end":{"line":95,"column":null}},"37":{"start":{"line":96,"column":8},"end":{"line":96,"column":null}},"38":{"start":{"line":100,"column":4},"end":{"line":102,"column":null}},"39":{"start":{"line":101,"column":6},"end":{"line":101,"column":null}},"40":{"start":{"line":102,"column":6},"end":{"line":102,"column":null}},"41":{"start":{"line":106,"column":61},"end":{"line":106,"column":63}},"42":{"start":{"line":108,"column":4},"end":{"line":114,"column":null}},"43":{"start":{"line":109,"column":12},"end":{"line":109,"column":60}},"44":{"start":{"line":110,"column":6},"end":{"line":112,"column":null}},"45":{"start":{"line":111,"column":8},"end":{"line":111,"column":null}},"46":{"start":{"line":112,"column":8},"end":{"line":112,"column":null}},"47":{"start":{"line":114,"column":6},"end":{"line":114,"column":null}},"48":{"start":{"line":117,"column":4},"end":{"line":120,"column":null}},"49":{"start":{"line":118,"column":6},"end":{"line":118,"column":null}},"50":{"start":{"line":119,"column":6},"end":{"line":119,"column":null}},"51":{"start":{"line":120,"column":6},"end":{"line":120,"column":null}},"52":{"start":{"line":123,"column":4},"end":{"line":123,"column":null}},"53":{"start":{"line":124,"column":4},"end":{"line":124,"column":null}},"54":{"start":{"line":125,"column":4},"end":{"line":125,"column":null}},"55":{"start":{"line":125,"column":55},"end":{"line":125,"column":62}},"56":{"start":{"line":127,"column":4},"end":{"line":129,"column":null}},"57":{"start":{"line":128,"column":6},"end":{"line":128,"column":null}},"58":{"start":{"line":129,"column":6},"end":{"line":129,"column":null}},"59":{"start":{"line":133,"column":4},"end":{"line":142,"column":null}},"60":{"start":{"line":134,"column":6},"end":{"line":134,"column":null}},"61":{"start":{"line":135,"column":20},"end":{"line":139,"column":null}},"62":{"start":{"line":136,"column":8},"end":{"line":138,"column":null}},"63":{"start":{"line":137,"column":10},"end":{"line":137,"column":null}},"64":{"start":{"line":140,"column":6},"end":{"line":142,"column":null}},"65":{"start":{"line":141,"column":8},"end":{"line":141,"column":null}},"66":{"start":{"line":142,"column":8},"end":{"line":142,"column":null}},"67":{"start":{"line":147,"column":4},"end":{"line":154,"column":null}},"68":{"start":{"line":148,"column":6},"end":{"line":148,"column":null}},"69":{"start":{"line":149,"column":6},"end":{"line":154,"column":null}},"70":{"start":{"line":150,"column":8},"end":{"line":154,"column":null}},"71":{"start":{"line":151,"column":10},"end":{"line":151,"column":null}},"72":{"start":{"line":152,"column":10},"end":{"line":152,"column":null}},"73":{"start":{"line":154,"column":10},"end":{"line":154,"column":null}},"74":{"start":{"line":159,"column":4},"end":{"line":159,"column":null}},"75":{"start":{"line":160,"column":4},"end":{"line":160,"column":null}}},"fnMap":{"0":{"name":"(anonymous_0)","decl":{"start":{"line":41,"column":15},"end":{"line":41,"column":42}},"loc":{"start":{"line":41,"column":42},"end":{"line":160,"column":null}},"line":41},"1":{"name":"(anonymous_1)","decl":{"start":{"line":64,"column":9},"end":{"line":64,"column":14}},"loc":{"start":{"line":64,"column":20},"end":{"line":64,"column":28}},"line":64},"2":{"name":"(anonymous_2)","decl":{"start":{"line":65,"column":9},"end":{"line":65,"column":17}},"loc":{"start":{"line":65,"column":23},"end":{"line":65,"column":36}},"line":65},"3":{"name":"(anonymous_3)","decl":{"start":{"line":84,"column":9},"end":{"line":84,"column":14}},"loc":{"start":{"line":84,"column":20},"end":{"line":84,"column":28}},"line":84},"4":{"name":"(anonymous_4)","decl":{"start":{"line":85,"column":9},"end":{"line":85,"column":17}},"loc":{"start":{"line":85,"column":23},"end":{"line":85,"column":36}},"line":85},"5":{"name":"(anonymous_5)","decl":{"start":{"line":125,"column":44},"end":{"line":125,"column":49}},"loc":{"start":{"line":125,"column":55},"end":{"line":125,"column":62}},"line":125},"6":{"name":"(anonymous_6)","decl":{"start":{"line":135,"column":30},"end":{"line":135,"column":47}},"loc":{"start":{"line":135,"column":55},"end":{"line":139,"column":null}},"line":135},"7":{"name":"(anonymous_7)","decl":{"start":{"line":136,"column":27},"end":{"line":136,"column":36}},"loc":{"start":{"line":136,"column":51},"end":{"line":138,"column":null}},"line":136}},"branchMap":{"0":{"loc":{"start":{"line":43,"column":23},"end":{"line":43,"column":null}},"type":"binary-expr","locations":[{"start":{"line":43,"column":23},"end":{"line":43,"column":59}},{"start":{"line":43,"column":59},"end":{"line":43,"column":null}}],"line":43},"1":{"loc":{"start":{"line":44,"column":23},"end":{"line":44,"column":null}},"type":"binary-expr","locations":[{"start":{"line":44,"column":23},"end":{"line":44,"column":59}},{"start":{"line":44,"column":59},"end":{"line":44,"column":null}}],"line":44},"2":{"loc":{"start":{"line":46,"column":4},"end":{"line":48,"column":null}},"type":"if","locations":[{"start":{"line":46,"column":4},"end":{"line":48,"column":null}},{"start":{},"end":{}}],"line":46},"3":{"loc":{"start":{"line":46,"column":8},"end":{"line":46,"column":36}},"type":"binary-expr","locations":[{"start":{"line":46,"column":8},"end":{"line":46,"column":23}},{"start":{"line":46,"column":23},"end":{"line":46,"column":36}}],"line":46},"4":{"loc":{"start":{"line":52,"column":4},"end":{"line":54,"column":null}},"type":"if","locations":[{"start":{"line":52,"column":4},"end":{"line":54,"column":null}},{"start":{},"end":{}}],"line":52},"5":{"loc":{"start":{"line":52,"column":8},"end":{"line":52,"column":114}},"type":"binary-expr","locations":[{"start":{"line":52,"column":8},"end":{"line":52,"column":41}},{"start":{"line":52,"column":41},"end":{"line":52,"column":61}},{"start":{"line":52,"column":61},"end":{"line":52,"column":95}},{"start":{"line":52,"column":95},"end":{"line":52,"column":114}}],"line":52},"6":{"loc":{"start":{"line":58,"column":27},"end":{"line":58,"column":null}},"type":"cond-expr","locations":[{"start":{"line":58,"column":27},"end":{"line":58,"column":67}},{"start":{"line":58,"column":70},"end":{"line":58,"column":null}}],"line":58},"7":{"loc":{"start":{"line":62,"column":4},"end":{"line":71,"column":null}},"type":"if","locations":[{"start":{"line":62,"column":4},"end":{"line":71,"column":null}},{"start":{"line":66,"column":15},"end":{"line":71,"column":null}}],"line":62},"8":{"loc":{"start":{"line":66,"column":15},"end":{"line":71,"column":null}},"type":"if","locations":[{"start":{"line":66,"column":15},"end":{"line":71,"column":null}},{"start":{"line":69,"column":11},"end":{"line":71,"column":null}}],"line":66},"9":{"loc":{"start":{"line":74,"column":4},"end":{"line":76,"column":null}},"type":"if","locations":[{"start":{"line":74,"column":4},"end":{"line":76,"column":null}},{"start":{},"end":{}}],"line":74},"10":{"loc":{"start":{"line":81,"column":4},"end":{"line":96,"column":null}},"type":"if","locations":[{"start":{"line":81,"column":4},"end":{"line":96,"column":null}},{"start":{"line":86,"column":15},"end":{"line":96,"column":null}}],"line":81},"11":{"loc":{"start":{"line":81,"column":8},"end":{"line":81,"column":59}},"type":"binary-expr","locations":[{"start":{"line":81,"column":8},"end":{"line":81,"column":41}},{"start":{"line":81,"column":41},"end":{"line":81,"column":59}}],"line":81},"12":{"loc":{"start":{"line":86,"column":15},"end":{"line":96,"column":null}},"type":"if","locations":[{"start":{"line":86,"column":15},"end":{"line":96,"column":null}},{"start":{"line":90,"column":11},"end":{"line":96,"column":null}}],"line":86},"13":{"loc":{"start":{"line":86,"column":15},"end":{"line":86,"column":68}},"type":"binary-expr","locations":[{"start":{"line":86,"column":15},"end":{"line":86,"column":49}},{"start":{"line":86,"column":49},"end":{"line":86,"column":68}}],"line":86},"14":{"loc":{"start":{"line":88,"column":20},"end":{"line":88,"column":null}},"type":"cond-expr","locations":[{"start":{"line":88,"column":74},"end":{"line":88,"column":87}},{"start":{"line":88,"column":87},"end":{"line":88,"column":null}}],"line":88},"15":{"loc":{"start":{"line":88,"column":20},"end":{"line":88,"column":74}},"type":"binary-expr","locations":[{"start":{"line":88,"column":20},"end":{"line":88,"column":54}},{"start":{"line":88,"column":54},"end":{"line":88,"column":74}}],"line":88},"16":{"loc":{"start":{"line":95,"column":31},"end":{"line":95,"column":73}},"type":"cond-expr","locations":[{"start":{"line":95,"column":52},"end":{"line":95,"column":64}},{"start":{"line":95,"column":64},"end":{"line":95,"column":73}}],"line":95},"17":{"loc":{"start":{"line":100,"column":4},"end":{"line":102,"column":null}},"type":"if","locations":[{"start":{"line":100,"column":4},"end":{"line":102,"column":null}},{"start":{},"end":{}}],"line":100},"18":{"loc":{"start":{"line":110,"column":6},"end":{"line":112,"column":null}},"type":"if","locations":[{"start":{"line":110,"column":6},"end":{"line":112,"column":null}},{"start":{},"end":{}}],"line":110},"19":{"loc":{"start":{"line":117,"column":4},"end":{"line":120,"column":null}},"type":"if","locations":[{"start":{"line":117,"column":4},"end":{"line":120,"column":null}},{"start":{},"end":{}}],"line":117},"20":{"loc":{"start":{"line":127,"column":4},"end":{"line":129,"column":null}},"type":"if","locations":[{"start":{"line":127,"column":4},"end":{"line":129,"column":null}},{"start":{},"end":{}}],"line":127},"21":{"loc":{"start":{"line":133,"column":4},"end":{"line":142,"column":null}},"type":"if","locations":[{"start":{"line":133,"column":4},"end":{"line":142,"column":null}},{"start":{},"end":{}}],"line":133},"22":{"loc":{"start":{"line":140,"column":6},"end":{"line":142,"column":null}},"type":"if","locations":[{"start":{"line":140,"column":6},"end":{"line":142,"column":null}},{"start":{},"end":{}}],"line":140},"23":{"loc":{"start":{"line":140,"column":10},"end":{"line":140,"column":43}},"type":"binary-expr","locations":[{"start":{"line":140,"column":10},"end":{"line":140,"column":27}},{"start":{"line":140,"column":27},"end":{"line":140,"column":43}}],"line":140},"24":{"loc":{"start":{"line":154,"column":39},"end":{"line":154,"column":81}},"type":"cond-expr","locations":[{"start":{"line":154,"column":60},"end":{"line":154,"column":72}},{"start":{"line":154,"column":72},"end":{"line":154,"column":81}}],"line":154}},"s":{"0":1,"1":6,"2":6,"3":6,"4":6,"5":6,"6":6,"7":6,"8":6,"9":6,"10":1,"11":1,"12":5,"13":1,"14":1,"15":4,"16":6,"17":2,"18":3,"19":3,"20":2,"21":2,"22":0,"23":0,"24":4,"25":0,"26":0,"27":4,"28":2,"29":2,"30":2,"31":2,"32":1,"33":1,"34":1,"35":1,"36":0,"37":0,"38":4,"39":0,"40":0,"41":4,"42":4,"43":6,"44":6,"45":0,"46":0,"47":6,"48":4,"49":0,"50":0,"51":0,"52":4,"53":4,"54":4,"55":6,"56":4,"57":0,"58":0,"59":4,"60":0,"61":0,"62":0,"63":0,"64":0,"65":0,"66":0,"67":4,"68":5,"69":5,"70":7,"71":7,"72":7,"73":7,"74":4,"75":4},"f":{"0":6,"1":3,"2":3,"3":2,"4":2,"5":6,"6":0,"7":0},"b":{"0":[6,3],"1":[6,2],"2":[1,5],"3":[6,3],"4":[1,4],"5":[5,3,3,1],"6":[2,2],"7":[2,2],"8":[2,0],"9":[0,4],"10":[2,2],"11":[4,2],"12":[1,1],"13":[2,1],"14":[0,1],"15":[1,0],"16":[0,0],"17":[0,4],"18":[0,6],"19":[0,4],"20":[0,4],"21":[0,4],"22":[0,0],"23":[0,0],"24":[7,0]},"meta":{"lastBranch":25,"lastFunction":8,"lastStatement":76,"seen":{"s:12:24:12:34":0,"s:14:19:16:4":1,"s:18:19:20:4":2,"s:22:16:24:4":3,"s:26:17:28:4":4,"s:30:17:32:4":5,"s:34:18:36:4":6,"f:41:15:41:42":0,"s:43:23:43:Infinity":7,"b:43:23:43:59:43:59:43:Infinity":0,"s:44:23:44:Infinity":8,"b:44:23:44:59:44:59:44:Infinity":1,"b:46:4:48:Infinity:undefined:undefined:undefined:undefined":2,"s:46:4:48:Infinity":9,"b:46:8:46:23:46:23:46:36":3,"s:47:6:47:Infinity":10,"s:48:6:48:Infinity":11,"b:52:4:54:Infinity:undefined:undefined:undefined:undefined":4,"s:52:4:54:Infinity":12,"b:52:8:52:41:52:41:52:61:52:61:52:95:52:95:52:114":5,"s:53:6:53:Infinity":13,"s:54:6:54:Infinity":14,"s:58:27:58:Infinity":15,"b:58:27:58:67:58:70:58:Infinity":6,"b:62:4:71:Infinity:66:15:71:Infinity":7,"s:62:4:71:Infinity":16,"s:63:6:65:Infinity":17,"f:64:9:64:14":1,"s:64:20:64:28":18,"f:65:9:65:17":2,"s:65:23:65:36":19,"b:66:15:71:Infinity:69:11:71:Infinity":8,"s:66:15:71:Infinity":20,"s:68:6:68:Infinity":21,"s:70:6:70:Infinity":22,"s:71:6:71:Infinity":23,"b:74:4:76:Infinity:undefined:undefined:undefined:undefined":9,"s:74:4:76:Infinity":24,"s:75:6:75:Infinity":25,"s:76:6:76:Infinity":26,"b:81:4:96:Infinity:86:15:96:Infinity":10,"s:81:4:96:Infinity":27,"b:81:8:81:41:81:41:81:59":11,"s:82:6:85:Infinity":28,"f:84:9:84:14":3,"s:84:20:84:28":29,"f:85:9:85:17":4,"s:85:23:85:36":30,"b:86:15:96:Infinity:90:11:96:Infinity":12,"s:86:15:96:Infinity":31,"b:86:15:86:49:86:49:86:68":13,"s:88:20:88:Infinity":32,"b:88:74:88:87:88:87:88:Infinity":14,"b:88:20:88:54:88:54:88:74":15,"s:89:6:89:Infinity":33,"s:92:6:96:Infinity":34,"s:93:8:93:Infinity":35,"s:95:8:95:Infinity":36,"b:95:52:95:64:95:64:95:73":16,"s:96:8:96:Infinity":37,"b:100:4:102:Infinity:undefined:undefined:undefined:undefined":17,"s:100:4:102:Infinity":38,"s:101:6:101:Infinity":39,"s:102:6:102:Infinity":40,"s:106:61:106:63":41,"s:108:4:114:Infinity":42,"s:109:12:109:60":43,"b:110:6:112:Infinity:undefined:undefined:undefined:undefined":18,"s:110:6:112:Infinity":44,"s:111:8:111:Infinity":45,"s:112:8:112:Infinity":46,"s:114:6:114:Infinity":47,"b:117:4:120:Infinity:undefined:undefined:undefined:undefined":19,"s:117:4:120:Infinity":48,"s:118:6:118:Infinity":49,"s:119:6:119:Infinity":50,"s:120:6:120:Infinity":51,"s:123:4:123:Infinity":52,"s:124:4:124:Infinity":53,"s:125:4:125:Infinity":54,"f:125:44:125:49":5,"s:125:55:125:62":55,"b:127:4:129:Infinity:undefined:undefined:undefined:undefined":20,"s:127:4:129:Infinity":56,"s:128:6:128:Infinity":57,"s:129:6:129:Infinity":58,"b:133:4:142:Infinity:undefined:undefined:undefined:undefined":21,"s:133:4:142:Infinity":59,"s:134:6:134:Infinity":60,"s:135:20:139:Infinity":61,"f:135:30:135:47":6,"s:136:8:138:Infinity":62,"f:136:27:136:36":7,"s:137:10:137:Infinity":63,"b:140:6:142:Infinity:undefined:undefined:undefined:undefined":22,"s:140:6:142:Infinity":64,"b:140:10:140:27:140:27:140:43":23,"s:141:8:141:Infinity":65,"s:142:8:142:Infinity":66,"s:147:4:154:Infinity":67,"s:148:6:148:Infinity":68,"s:149:6:154:Infinity":69,"s:150:8:154:Infinity":70,"s:151:10:151:Infinity":71,"s:152:10:152:Infinity":72,"s:154:10:154:Infinity":73,"b:154:60:154:72:154:72:154:81":24,"s:159:4:159:Infinity":74,"s:160:4:160:Infinity":75}}}
,"/home/ai/subtree-share/node/packages/secrets-sync/src/commands/update.ts": {"path":"/home/ai/subtree-share/node/packages/secrets-sync/src/commands/update.ts","statementMap":{"0":{"start":{"line":12,"column":24},"end":{"line":12,"column":36}},"1":{"start":{"line":14,"column":16},"end":{"line":16,"column":4}},"2":{"start":{"line":18,"column":15},"end":{"line":21,"column":4}},"3":{"start":{"line":23,"column":17},"end":{"line":26,"column":4}},"4":{"start":{"line":30,"column":10},"end":{"line":30,"column":43}},"5":{"start":{"line":33,"column":4},"end":{"line":34,"column":null}},"6":{"start":{"line":34,"column":6},"end":{"line":34,"column":null}},"7":{"start":{"line":38,"column":18},"end":{"line":38,"column":null}},"8":{"start":{"line":39,"column":4},"end":{"line":40,"column":null}},"9":{"start":{"line":40,"column":6},"end":{"line":40,"column":null}},"10":{"start":{"line":43,"column":18},"end":{"line":43,"column":37}},"11":{"start":{"line":44,"column":16},"end":{"line":44,"column":null}},"12":{"start":{"line":45,"column":31},"end":{"line":45,"column":33}},"13":{"start":{"line":47,"column":4},"end":{"line":58,"column":null}},"14":{"start":{"line":49,"column":22},"end":{"line":49,"column":39}},"15":{"start":{"line":50,"column":6},"end":{"line":55,"column":null}},"16":{"start":{"line":51,"column":24},"end":{"line":51,"column":53}},"17":{"start":{"line":52,"column":8},"end":{"line":55,"column":null}},"18":{"start":{"line":53,"column":10},"end":{"line":53,"column":null}},"19":{"start":{"line":54,"column":10},"end":{"line":54,"column":null}},"20":{"start":{"line":55,"column":10},"end":{"line":55,"column":null}},"21":{"start":{"line":58,"column":6},"end":{"line":58,"column":null}},"22":{"start":{"line":62,"column":4},"end":{"line":70,"column":null}},"23":{"start":{"line":64,"column":6},"end":{"line":65,"column":null}},"24":{"start":{"line":65,"column":8},"end":{"line":65,"column":null}},"25":{"start":{"line":67,"column":6},"end":{"line":67,"column":null}},"26":{"start":{"line":68,"column":6},"end":{"line":68,"column":null}},"27":{"start":{"line":70,"column":6},"end":{"line":70,"column":null}},"28":{"start":{"line":74,"column":4},"end":{"line":74,"column":null}},"29":{"start":{"line":75,"column":4},"end":{"line":75,"column":null}}},"fnMap":{"0":{"name":"(anonymous_0)","decl":{"start":{"line":29,"column":15},"end":{"line":29,"column":42}},"loc":{"start":{"line":29,"column":42},"end":{"line":75,"column":null}},"line":29}},"branchMap":{"0":{"loc":{"start":{"line":33,"column":4},"end":{"line":34,"column":null}},"type":"if","locations":[{"start":{"line":33,"column":4},"end":{"line":34,"column":null}},{"start":{},"end":{}}],"line":33},"1":{"loc":{"start":{"line":39,"column":4},"end":{"line":40,"column":null}},"type":"if","locations":[{"start":{"line":39,"column":4},"end":{"line":40,"column":null}},{"start":{},"end":{}}],"line":39},"2":{"loc":{"start":{"line":50,"column":6},"end":{"line":55,"column":null}},"type":"if","locations":[{"start":{"line":50,"column":6},"end":{"line":55,"column":null}},{"start":{},"end":{}}],"line":50},"3":{"loc":{"start":{"line":50,"column":10},"end":{"line":50,"column":46}},"type":"binary-expr","locations":[{"start":{"line":50,"column":10},"end":{"line":50,"column":25}},{"start":{"line":50,"column":25},"end":{"line":50,"column":46}}],"line":50},"4":{"loc":{"start":{"line":52,"column":8},"end":{"line":55,"column":null}},"type":"if","locations":[{"start":{"line":52,"column":8},"end":{"line":55,"column":null}},{"start":{},"end":{}}],"line":52},"5":{"loc":{"start":{"line":62,"column":4},"end":{"line":70,"column":null}},"type":"if","locations":[{"start":{"line":62,"column":4},"end":{"line":70,"column":null}},{"start":{"line":69,"column":11},"end":{"line":70,"column":null}}],"line":62},"6":{"loc":{"start":{"line":64,"column":6},"end":{"line":65,"column":null}},"type":"if","locations":[{"start":{"line":64,"column":6},"end":{"line":65,"column":null}},{"start":{},"end":{}}],"line":64},"7":{"loc":{"start":{"line":64,"column":10},"end":{"line":64,"column":71}},"type":"binary-expr","locations":[{"start":{"line":64,"column":10},"end":{"line":64,"column":33}},{"start":{"line":64,"column":33},"end":{"line":64,"column":71}}],"line":64}},"s":{"0":1,"1":3,"2":3,"3":3,"4":3,"5":3,"6":2,"7":3,"8":3,"9":2,"10":3,"11":3,"12":3,"13":3,"14":6,"15":6,"16":3,"17":3,"18":1,"19":1,"20":1,"21":5,"22":3,"23":2,"24":0,"25":2,"26":2,"27":1,"28":3,"29":3},"f":{"0":3},"b":{"0":[2,1],"1":[2,1],"2":[3,3],"3":[6,3],"4":[1,2],"5":[2,1],"6":[0,2],"7":[2,2]},"meta":{"lastBranch":8,"lastFunction":1,"lastStatement":30,"seen":{"s:12:24:12:36":0,"s:14:16:16:4":1,"s:18:15:21:4":2,"s:23:17:26:4":3,"f:29:15:29:42":0,"s:30:10:30:43":4,"b:33:4:34:Infinity:undefined:undefined:undefined:undefined":0,"s:33:4:34:Infinity":5,"s:34:6:34:Infinity":6,"s:38:18:38:Infinity":7,"b:39:4:40:Infinity:undefined:undefined:undefined:undefined":1,"s:39:4:40:Infinity":8,"s:40:6:40:Infinity":9,"s:43:18:43:37":10,"s:44:16:44:Infinity":11,"s:45:31:45:33":12,"s:47:4:58:Infinity":13,"s:49:22:49:39":14,"b:50:6:55:Infinity:undefined:undefined:undefined:undefined":2,"s:50:6:55:Infinity":15,"b:50:10:50:25:50:25:50:46":3,"s:51:24:51:53":16,"b:52:8:55:Infinity:undefined:undefined:undefined:undefined":4,"s:52:8:55:Infinity":17,"s:53:10:53:Infinity":18,"s:54:10:54:Infinity":19,"s:55:10:55:Infinity":20,"s:58:6:58:Infinity":21,"b:62:4:70:Infinity:69:11:70:Infinity":5,"s:62:4:70:Infinity":22,"b:64:6:65:Infinity:undefined:undefined:undefined:undefined":6,"s:64:6:65:Infinity":23,"b:64:10:64:33:64:33:64:71":7,"s:65:8:65:Infinity":24,"s:67:6:67:Infinity":25,"s:68:6:68:Infinity":26,"s:70:6:70:Infinity":27,"s:74:4:74:Infinity":28,"s:75:4:75:Infinity":29}}}
}
