{"/home/ai/subtree-share/node/packages/merge/merge.ts": {"path":"/home/ai/subtree-share/node/packages/merge/merge.ts","statementMap":{"0":{"start":{"line":12,"column":15},"end":{"line":12,"column":null}},"1":{"start":{"line":33,"column":19},"end":{"line":33,"column":null}},"2":{"start":{"line":34,"column":2},"end":{"line":53,"column":null}},"3":{"start":{"line":35,"column":10},"end":{"line":35,"column":43}},"4":{"start":{"line":36,"column":4},"end":{"line":53,"column":null}},"5":{"start":{"line":38,"column":12},"end":{"line":38,"column":46}},"6":{"start":{"line":39,"column":12},"end":{"line":39,"column":61}},"7":{"start":{"line":41,"column":6},"end":{"line":45,"column":null}},"8":{"start":{"line":42,"column":8},"end":{"line":42,"column":null}},"9":{"start":{"line":45,"column":8},"end":{"line":45,"column":null}},"10":{"start":{"line":48,"column":12},"end":{"line":48,"column":46}},"11":{"start":{"line":50,"column":6},"end":{"line":51,"column":null}},"12":{"start":{"line":51,"column":8},"end":{"line":51,"column":null}},"13":{"start":{"line":53,"column":6},"end":{"line":53,"column":null}},"14":{"start":{"line":57,"column":2},"end":{"line":57,"column":null}},"15":{"start":{"line":60,"column":23},"end":{"line":60,"column":41}},"16":{"start":{"line":63,"column":2},"end":{"line":83,"column":null}},"17":{"start":{"line":65,"column":27},"end":{"line":65,"column":74}},"18":{"start":{"line":66,"column":18},"end":{"line":66,"column":null}},"19":{"start":{"line":67,"column":6},"end":{"line":67,"column":null}},"20":{"start":{"line":70,"column":6},"end":{"line":75,"column":null}},"21":{"start":{"line":71,"column":29},"end":{"line":71,"column":null}},"22":{"start":{"line":72,"column":20},"end":{"line":72,"column":null}},"23":{"start":{"line":73,"column":8},"end":{"line":73,"column":null}},"24":{"start":{"line":75,"column":8},"end":{"line":75,"column":null}},"25":{"start":{"line":79,"column":27},"end":{"line":79,"column":null}},"26":{"start":{"line":80,"column":18},"end":{"line":80,"column":null}},"27":{"start":{"line":81,"column":6},"end":{"line":81,"column":null}},"28":{"start":{"line":86,"column":22},"end":{"line":86,"column":50}},"29":{"start":{"line":89,"column":2},"end":{"line":89,"column":null}},"30":{"start":{"line":93,"column":2},"end":{"line":101,"column":null}},"31":{"start":{"line":94,"column":17},"end":{"line":94,"column":null}},"32":{"start":{"line":95,"column":4},"end":{"line":96,"column":null}},"33":{"start":{"line":96,"column":6},"end":{"line":96,"column":null}},"34":{"start":{"line":98,"column":4},"end":{"line":98,"column":null}},"35":{"start":{"line":99,"column":4},"end":{"line":99,"column":null}},"36":{"start":{"line":101,"column":4},"end":{"line":101,"column":null}},"37":{"start":{"line":106,"column":2},"end":{"line":106,"column":null}},"38":{"start":{"line":115,"column":20},"end":{"line":115,"column":null}},"39":{"start":{"line":118,"column":2},"end":{"line":122,"column":null}},"40":{"start":{"line":119,"column":4},"end":{"line":119,"column":null}},"41":{"start":{"line":120,"column":4},"end":{"line":120,"column":null}},"42":{"start":{"line":121,"column":4},"end":{"line":121,"column":null}},"43":{"start":{"line":126,"column":23},"end":{"line":126,"column":107}},"44":{"start":{"line":127,"column":22},"end":{"line":127,"column":95}},"45":{"start":{"line":129,"column":2},"end":{"line":134,"column":null}},"46":{"start":{"line":130,"column":4},"end":{"line":130,"column":null}},"47":{"start":{"line":131,"column":13},"end":{"line":134,"column":null}},"48":{"start":{"line":132,"column":4},"end":{"line":132,"column":null}},"49":{"start":{"line":134,"column":4},"end":{"line":134,"column":null}},"50":{"start":{"line":139,"column":20},"end":{"line":139,"column":null}},"51":{"start":{"line":140,"column":8},"end":{"line":140,"column":44}},"52":{"start":{"line":142,"column":17},"end":{"line":145,"column":null}},"53":{"start":{"line":147,"column":8},"end":{"line":147,"column":52}},"54":{"start":{"line":148,"column":2},"end":{"line":148,"column":null}},"55":{"start":{"line":150,"column":19},"end":{"line":150,"column":47}},"56":{"start":{"line":151,"column":2},"end":{"line":152,"column":null}},"57":{"start":{"line":152,"column":4},"end":{"line":152,"column":null}},"58":{"start":{"line":155,"column":8},"end":{"line":155,"column":46}},"59":{"start":{"line":157,"column":2},"end":{"line":182,"column":null}},"60":{"start":{"line":158,"column":4},"end":{"line":163,"column":null}},"61":{"start":{"line":159,"column":6},"end":{"line":162,"column":null}},"62":{"start":{"line":167,"column":4},"end":{"line":176,"column":null}},"63":{"start":{"line":168,"column":6},"end":{"line":168,"column":null}},"64":{"start":{"line":169,"column":6},"end":{"line":169,"column":null}},"65":{"start":{"line":170,"column":6},"end":{"line":170,"column":null}},"66":{"start":{"line":172,"column":6},"end":{"line":173,"column":null}},"67":{"start":{"line":173,"column":8},"end":{"line":173,"column":null}},"68":{"start":{"line":175,"column":12},"end":{"line":175,"column":50}},"69":{"start":{"line":176,"column":6},"end":{"line":176,"column":null}},"70":{"start":{"line":179,"column":4},"end":{"line":182,"column":null}},"71":{"start":{"line":180,"column":6},"end":{"line":180,"column":null}},"72":{"start":{"line":181,"column":6},"end":{"line":181,"column":null}},"73":{"start":{"line":187,"column":8},"end":{"line":187,"column":53}},"74":{"start":{"line":188,"column":17},"end":{"line":191,"column":null}},"75":{"start":{"line":192,"column":2},"end":{"line":192,"column":null}},"76":{"start":{"line":194,"column":2},"end":{"line":215,"column":null}},"77":{"start":{"line":195,"column":4},"end":{"line":197,"column":null}},"78":{"start":{"line":198,"column":4},"end":{"line":198,"column":null}},"79":{"start":{"line":199,"column":4},"end":{"line":199,"column":null}},"80":{"start":{"line":201,"column":4},"end":{"line":210,"column":null}},"81":{"start":{"line":202,"column":12},"end":{"line":205,"column":null}},"82":{"start":{"line":207,"column":12},"end":{"line":207,"column":95}},"83":{"start":{"line":208,"column":6},"end":{"line":208,"column":null}},"84":{"start":{"line":210,"column":6},"end":{"line":210,"column":null}},"85":{"start":{"line":213,"column":4},"end":{"line":215,"column":null}},"86":{"start":{"line":214,"column":6},"end":{"line":214,"column":null}},"87":{"start":{"line":226,"column":23},"end":{"line":226,"column":null}},"88":{"start":{"line":228,"column":8},"end":{"line":228,"column":55}},"89":{"start":{"line":229,"column":17},"end":{"line":255,"column":null}},"90":{"start":{"line":256,"column":2},"end":{"line":256,"column":null}},"91":{"start":{"line":258,"column":8},"end":{"line":258,"column":52}},"92":{"start":{"line":259,"column":8},"end":{"line":259,"column":52}},"93":{"start":{"line":261,"column":2},"end":{"line":295,"column":null}},"94":{"start":{"line":262,"column":18},"end":{"line":262,"column":null}},"95":{"start":{"line":263,"column":4},"end":{"line":270,"column":null}},"96":{"start":{"line":264,"column":12},"end":{"line":266,"column":8}},"97":{"start":{"line":267,"column":6},"end":{"line":267,"column":null}},"98":{"start":{"line":269,"column":21},"end":{"line":269,"column":null}},"99":{"start":{"line":270,"column":6},"end":{"line":270,"column":null}},"100":{"start":{"line":273,"column":8},"end":{"line":273,"column":49}},"101":{"start":{"line":274,"column":10},"end":{"line":274,"column":48}},"102":{"start":{"line":276,"column":4},"end":{"line":286,"column":null}},"103":{"start":{"line":277,"column":23},"end":{"line":277,"column":null}},"104":{"start":{"line":278,"column":6},"end":{"line":284,"column":null}},"105":{"start":{"line":279,"column":14},"end":{"line":281,"column":10}},"106":{"start":{"line":282,"column":8},"end":{"line":282,"column":null}},"107":{"start":{"line":284,"column":8},"end":{"line":284,"column":null}},"108":{"start":{"line":286,"column":6},"end":{"line":286,"column":null}},"109":{"start":{"line":289,"column":4},"end":{"line":289,"column":null}},"110":{"start":{"line":291,"column":4},"end":{"line":295,"column":null}},"111":{"start":{"line":292,"column":6},"end":{"line":292,"column":null}},"112":{"start":{"line":293,"column":6},"end":{"line":293,"column":null}},"113":{"start":{"line":294,"column":6},"end":{"line":294,"column":null}},"114":{"start":{"line":305,"column":23},"end":{"line":305,"column":null}},"115":{"start":{"line":306,"column":16},"end":{"line":306,"column":55}},"116":{"start":{"line":309,"column":16},"end":{"line":309,"column":null}},"117":{"start":{"line":310,"column":26},"end":{"line":310,"column":57}},"118":{"start":{"line":311,"column":18},"end":{"line":311,"column":77}},"119":{"start":{"line":313,"column":2},"end":{"line":319,"column":null}},"120":{"start":{"line":314,"column":20},"end":{"line":314,"column":31}},"121":{"start":{"line":315,"column":4},"end":{"line":315,"column":null}},"122":{"start":{"line":315,"column":18},"end":{"line":315,"column":null}},"123":{"start":{"line":316,"column":18},"end":{"line":316,"column":40}},"124":{"start":{"line":317,"column":4},"end":{"line":319,"column":null}},"125":{"start":{"line":318,"column":6},"end":{"line":318,"column":null}},"126":{"start":{"line":319,"column":6},"end":{"line":319,"column":null}},"127":{"start":{"line":324,"column":2},"end":{"line":324,"column":null}},"128":{"start":{"line":326,"column":2},"end":{"line":341,"column":null}},"129":{"start":{"line":328,"column":4},"end":{"line":334,"column":null}},"130":{"start":{"line":329,"column":23},"end":{"line":329,"column":78}},"131":{"start":{"line":330,"column":6},"end":{"line":332,"column":null}},"132":{"start":{"line":331,"column":8},"end":{"line":331,"column":null}},"133":{"start":{"line":332,"column":8},"end":{"line":332,"column":null}},"134":{"start":{"line":336,"column":4},"end":{"line":336,"column":null}},"135":{"start":{"line":337,"column":4},"end":{"line":339,"column":null}},"136":{"start":{"line":338,"column":6},"end":{"line":338,"column":null}},"137":{"start":{"line":339,"column":6},"end":{"line":339,"column":null}},"138":{"start":{"line":341,"column":4},"end":{"line":341,"column":null}},"139":{"start":{"line":345,"column":21},"end":{"line":345,"column":null}},"140":{"start":{"line":346,"column":19},"end":{"line":346,"column":null}},"141":{"start":{"line":347,"column":30},"end":{"line":347,"column":32}},"142":{"start":{"line":349,"column":2},"end":{"line":358,"column":null}},"143":{"start":{"line":350,"column":4},"end":{"line":352,"column":null}},"144":{"start":{"line":351,"column":6},"end":{"line":351,"column":null}},"145":{"start":{"line":351,"column":35},"end":{"line":351,"column":null}},"146":{"start":{"line":352,"column":6},"end":{"line":352,"column":null}},"147":{"start":{"line":354,"column":4},"end":{"line":356,"column":null}},"148":{"start":{"line":355,"column":6},"end":{"line":355,"column":null}},"149":{"start":{"line":355,"column":30},"end":{"line":355,"column":null}},"150":{"start":{"line":356,"column":6},"end":{"line":356,"column":null}},"151":{"start":{"line":358,"column":4},"end":{"line":358,"column":null}},"152":{"start":{"line":362,"column":15},"end":{"line":366,"column":11}},"153":{"start":{"line":363,"column":19},"end":{"line":363,"column":97}},"154":{"start":{"line":368,"column":2},"end":{"line":368,"column":null}},"155":{"start":{"line":369,"column":2},"end":{"line":369,"column":null}},"156":{"start":{"line":373,"column":2},"end":{"line":373,"column":null}},"157":{"start":{"line":375,"column":2},"end":{"line":379,"column":null}},"158":{"start":{"line":376,"column":4},"end":{"line":376,"column":null}},"159":{"start":{"line":378,"column":4},"end":{"line":378,"column":null}},"160":{"start":{"line":379,"column":4},"end":{"line":379,"column":null}},"161":{"start":{"line":388,"column":17},"end":{"line":388,"column":54}},"162":{"start":{"line":389,"column":8},"end":{"line":389,"column":45}},"163":{"start":{"line":390,"column":8},"end":{"line":390,"column":43}},"164":{"start":{"line":392,"column":21},"end":{"line":392,"column":36}},"165":{"start":{"line":394,"column":2},"end":{"line":438,"column":null}},"166":{"start":{"line":395,"column":4},"end":{"line":396,"column":null}},"167":{"start":{"line":396,"column":6},"end":{"line":396,"column":null}},"168":{"start":{"line":399,"column":4},"end":{"line":399,"column":null}},"169":{"start":{"line":400,"column":22},"end":{"line":400,"column":37}},"170":{"start":{"line":403,"column":4},"end":{"line":404,"column":null}},"171":{"start":{"line":404,"column":6},"end":{"line":404,"column":null}},"172":{"start":{"line":407,"column":18},"end":{"line":407,"column":73}},"173":{"start":{"line":409,"column":4},"end":{"line":432,"column":null}},"174":{"start":{"line":411,"column":6},"end":{"line":411,"column":null}},"175":{"start":{"line":412,"column":6},"end":{"line":416,"column":null}},"176":{"start":{"line":414,"column":8},"end":{"line":414,"column":null}},"177":{"start":{"line":416,"column":8},"end":{"line":416,"column":null}},"178":{"start":{"line":420,"column":28},"end":{"line":420,"column":45}},"179":{"start":{"line":421,"column":6},"end":{"line":423,"column":null}},"180":{"start":{"line":422,"column":8},"end":{"line":422,"column":null}},"181":{"start":{"line":423,"column":8},"end":{"line":423,"column":null}},"182":{"start":{"line":426,"column":6},"end":{"line":426,"column":null}},"183":{"start":{"line":427,"column":6},"end":{"line":427,"column":null}},"184":{"start":{"line":428,"column":6},"end":{"line":432,"column":null}},"185":{"start":{"line":430,"column":8},"end":{"line":430,"column":null}},"186":{"start":{"line":432,"column":8},"end":{"line":432,"column":null}},"187":{"start":{"line":436,"column":4},"end":{"line":438,"column":null}},"188":{"start":{"line":437,"column":6},"end":{"line":437,"column":null}},"189":{"start":{"line":443,"column":15},"end":{"line":443,"column":36}},"190":{"start":{"line":444,"column":18},"end":{"line":444,"column":null}},"191":{"start":{"line":445,"column":17},"end":{"line":445,"column":43}},"192":{"start":{"line":447,"column":2},"end":{"line":469,"column":null}},"193":{"start":{"line":448,"column":20},"end":{"line":448,"column":null}},"194":{"start":{"line":449,"column":19},"end":{"line":449,"column":null}},"195":{"start":{"line":451,"column":4},"end":{"line":453,"column":null}},"196":{"start":{"line":451,"column":17},"end":{"line":451,"column":20}},"197":{"start":{"line":452,"column":6},"end":{"line":452,"column":null}},"198":{"start":{"line":452,"column":38},"end":{"line":452,"column":null}},"199":{"start":{"line":453,"column":6},"end":{"line":453,"column":null}},"200":{"start":{"line":453,"column":37},"end":{"line":453,"column":null}},"201":{"start":{"line":456,"column":4},"end":{"line":458,"column":null}},"202":{"start":{"line":457,"column":6},"end":{"line":457,"column":null}},"203":{"start":{"line":458,"column":6},"end":{"line":458,"column":null}},"204":{"start":{"line":461,"column":10},"end":{"line":461,"column":56}},"205":{"start":{"line":462,"column":4},"end":{"line":467,"column":null}},"206":{"start":{"line":463,"column":6},"end":{"line":463,"column":null}},"207":{"start":{"line":465,"column":6},"end":{"line":467,"column":null}},"208":{"start":{"line":466,"column":8},"end":{"line":466,"column":null}},"209":{"start":{"line":469,"column":4},"end":{"line":469,"column":null}},"210":{"start":{"line":474,"column":24},"end":{"line":474,"column":35}},"211":{"start":{"line":475,"column":2},"end":{"line":475,"column":null}},"212":{"start":{"line":477,"column":2},"end":{"line":477,"column":null}},"213":{"start":{"line":478,"column":2},"end":{"line":478,"column":null}},"214":{"start":{"line":479,"column":2},"end":{"line":479,"column":null}},"215":{"start":{"line":481,"column":2},"end":{"line":481,"column":null}},"216":{"start":{"line":482,"column":2},"end":{"line":482,"column":null}},"217":{"start":{"line":484,"column":24},"end":{"line":484,"column":44}},"218":{"start":{"line":486,"column":2},"end":{"line":491,"column":null}},"219":{"start":{"line":487,"column":4},"end":{"line":487,"column":null}},"220":{"start":{"line":488,"column":4},"end":{"line":488,"column":null}},"221":{"start":{"line":490,"column":4},"end":{"line":490,"column":null}},"222":{"start":{"line":491,"column":4},"end":{"line":491,"column":null}},"223":{"start":{"line":494,"column":2},"end":{"line":496,"column":null}},"224":{"start":{"line":495,"column":4},"end":{"line":495,"column":null}},"225":{"start":{"line":496,"column":4},"end":{"line":496,"column":null}},"226":{"start":{"line":500,"column":25},"end":{"line":500,"column":null}},"227":{"start":{"line":501,"column":2},"end":{"line":502,"column":null}},"228":{"start":{"line":502,"column":4},"end":{"line":502,"column":null}},"229":{"start":{"line":505,"column":2},"end":{"line":505,"column":null}},"230":{"start":{"line":507,"column":2},"end":{"line":509,"column":null}},"231":{"start":{"line":508,"column":4},"end":{"line":508,"column":null}},"232":{"start":{"line":509,"column":4},"end":{"line":509,"column":null}},"233":{"start":{"line":512,"column":16},"end":{"line":514,"column":null}},"234":{"start":{"line":513,"column":4},"end":{"line":513,"column":null}},"235":{"start":{"line":513,"column":41},"end":{"line":513,"column":86}},"236":{"start":{"line":516,"column":2},"end":{"line":518,"column":null}},"237":{"start":{"line":517,"column":4},"end":{"line":517,"column":null}},"238":{"start":{"line":518,"column":4},"end":{"line":518,"column":null}},"239":{"start":{"line":521,"column":2},"end":{"line":521,"column":null}},"240":{"start":{"line":522,"column":2},"end":{"line":522,"column":null}},"241":{"start":{"line":527,"column":21},"end":{"line":527,"column":99}},"242":{"start":{"line":528,"column":0},"end":{"line":532,"column":null}},"243":{"start":{"line":529,"column":2},"end":{"line":532,"column":null}},"244":{"start":{"line":530,"column":4},"end":{"line":530,"column":null}},"245":{"start":{"line":531,"column":4},"end":{"line":531,"column":null}}},"fnMap":{"0":{"name":"findMainRepoRoot","decl":{"start":{"line":28,"column":16},"end":{"line":28,"column":null}},"loc":{"start":{"line":31,"column":10},"end":{"line":57,"column":null}},"line":31},"1":{"name":"createDefaultCommandRunner","decl":{"start":{"line":62,"column":9},"end":{"line":62,"column":36}},"loc":{"start":{"line":62,"column":86},"end":{"line":83,"column":null}},"line":62},"2":{"name":"(anonymous_2)","decl":{"start":{"line":64,"column":4},"end":{"line":64,"column":8}},"loc":{"start":{"line":64,"column":84},"end":{"line":67,"column":null}},"line":64},"3":{"name":"(anonymous_3)","decl":{"start":{"line":69,"column":4},"end":{"line":69,"column":14}},"loc":{"start":{"line":69,"column":76},"end":{"line":75,"column":null}},"line":69},"4":{"name":"(anonymous_4)","decl":{"start":{"line":78,"column":4},"end":{"line":78,"column":12}},"loc":{"start":{"line":78,"column":104},"end":{"line":81,"column":null}},"line":78},"5":{"name":"getBranch","decl":{"start":{"line":88,"column":16},"end":{"line":88,"column":26}},"loc":{"start":{"line":88,"column":73},"end":{"line":89,"column":null}},"line":88},"6":{"name":"hasPR","decl":{"start":{"line":92,"column":16},"end":{"line":92,"column":22}},"loc":{"start":{"line":92,"column":87},"end":{"line":101,"column":null}},"line":92},"7":{"name":"getHead","decl":{"start":{"line":105,"column":16},"end":{"line":105,"column":24}},"loc":{"start":{"line":105,"column":71},"end":{"line":106,"column":null}},"line":105},"8":{"name":"generateMessage","decl":{"start":{"line":109,"column":22},"end":{"line":109,"column":null}},"loc":{"start":{"line":114,"column":17},"end":{"line":134,"column":null}},"line":114},"9":{"name":"generateWithKimi","decl":{"start":{"line":138,"column":15},"end":{"line":138,"column":32}},"loc":{"start":{"line":138,"column":114},"end":{"line":182,"column":null}},"line":138},"10":{"name":"generateWithJunie","decl":{"start":{"line":186,"column":15},"end":{"line":186,"column":33}},"loc":{"start":{"line":186,"column":115},"end":{"line":215,"column":null}},"line":186},"11":{"name":"generateWithCopilot","decl":{"start":{"line":219,"column":15},"end":{"line":219,"column":null}},"loc":{"start":{"line":225,"column":17},"end":{"line":295,"column":null}},"line":225},"12":{"name":"parseAndWriteMessage","decl":{"start":{"line":299,"column":22},"end":{"line":299,"column":null}},"loc":{"start":{"line":304,"column":17},"end":{"line":369,"column":null}},"line":304},"13":{"name":"(anonymous_13)","decl":{"start":{"line":363,"column":5},"end":{"line":363,"column":13}},"loc":{"start":{"line":363,"column":19},"end":{"line":363,"column":97}},"line":363},"14":{"name":"waitForChecks","decl":{"start":{"line":372,"column":15},"end":{"line":372,"column":29}},"loc":{"start":{"line":372,"column":79},"end":{"line":379,"column":null}},"line":372},"15":{"name":"createOrUpdatePR","decl":{"start":{"line":383,"column":22},"end":{"line":383,"column":null}},"loc":{"start":{"line":387,"column":17},"end":{"line":438,"column":null}},"line":387},"16":{"name":"main","decl":{"start":{"line":442,"column":15},"end":{"line":442,"column":37}},"loc":{"start":{"line":442,"column":37},"end":{"line":522,"column":null}},"line":442},"17":{"name":"(anonymous_17)","decl":{"start":{"line":512,"column":26},"end":{"line":512,"column":43}},"loc":{"start":{"line":512,"column":55},"end":{"line":514,"column":null}},"line":512},"18":{"name":"(anonymous_18)","decl":{"start":{"line":513,"column":23},"end":{"line":513,"column":32}},"loc":{"start":{"line":513,"column":41},"end":{"line":513,"column":86}},"line":513},"19":{"name":"(anonymous_19)","decl":{"start":{"line":529,"column":9},"end":{"line":529,"column":16}},"loc":{"start":{"line":529,"column":22},"end":{"line":532,"column":null}},"line":529}},"branchMap":{"0":{"loc":{"start":{"line":12,"column":15},"end":{"line":12,"column":null}},"type":"binary-expr","locations":[{"start":{"line":12,"column":15},"end":{"line":12,"column":37}},{"start":{"line":12,"column":37},"end":{"line":12,"column":null}}],"line":12},"1":{"loc":{"start":{"line":29,"column":2},"end":{"line":29,"column":29}},"type":"default-arg","locations":[{"start":{"line":29,"column":16},"end":{"line":29,"column":29}}],"line":29},"2":{"loc":{"start":{"line":30,"column":2},"end":{"line":30,"column":53}},"type":"default-arg","locations":[{"start":{"line":30,"column":39},"end":{"line":30,"column":53}}],"line":30},"3":{"loc":{"start":{"line":36,"column":4},"end":{"line":53,"column":null}},"type":"if","locations":[{"start":{"line":36,"column":4},"end":{"line":53,"column":null}},{"start":{"line":47,"column":11},"end":{"line":53,"column":null}}],"line":36},"4":{"loc":{"start":{"line":41,"column":6},"end":{"line":45,"column":null}},"type":"if","locations":[{"start":{"line":41,"column":6},"end":{"line":45,"column":null}},{"start":{"line":43,"column":13},"end":{"line":45,"column":null}}],"line":41},"5":{"loc":{"start":{"line":50,"column":6},"end":{"line":51,"column":null}},"type":"if","locations":[{"start":{"line":50,"column":6},"end":{"line":51,"column":null}},{"start":{},"end":{}}],"line":50},"6":{"loc":{"start":{"line":62,"column":36},"end":{"line":62,"column":86}},"type":"default-arg","locations":[{"start":{"line":62,"column":55},"end":{"line":62,"column":86}}],"line":62},"7":{"loc":{"start":{"line":65,"column":27},"end":{"line":65,"column":74}},"type":"binary-expr","locations":[{"start":{"line":65,"column":27},"end":{"line":65,"column":49}},{"start":{"line":65,"column":53},"end":{"line":65,"column":74}}],"line":65},"8":{"loc":{"start":{"line":66,"column":18},"end":{"line":66,"column":null}},"type":"binary-expr","locations":[{"start":{"line":66,"column":18},"end":{"line":66,"column":32}},{"start":{"line":66,"column":32},"end":{"line":66,"column":null}}],"line":66},"9":{"loc":{"start":{"line":66,"column":32},"end":{"line":66,"column":null}},"type":"cond-expr","locations":[{"start":{"line":66,"column":47},"end":{"line":66,"column":58}},{"start":{"line":66,"column":58},"end":{"line":66,"column":null}}],"line":66},"10":{"loc":{"start":{"line":71,"column":29},"end":{"line":71,"column":null}},"type":"binary-expr","locations":[{"start":{"line":71,"column":29},"end":{"line":71,"column":46}},{"start":{"line":71,"column":46},"end":{"line":71,"column":null}}],"line":71},"11":{"loc":{"start":{"line":72,"column":20},"end":{"line":72,"column":null}},"type":"binary-expr","locations":[{"start":{"line":72,"column":20},"end":{"line":72,"column":34}},{"start":{"line":72,"column":34},"end":{"line":72,"column":null}}],"line":72},"12":{"loc":{"start":{"line":72,"column":34},"end":{"line":72,"column":null}},"type":"cond-expr","locations":[{"start":{"line":72,"column":49},"end":{"line":72,"column":60}},{"start":{"line":72,"column":60},"end":{"line":72,"column":null}}],"line":72},"13":{"loc":{"start":{"line":79,"column":27},"end":{"line":79,"column":null}},"type":"binary-expr","locations":[{"start":{"line":79,"column":27},"end":{"line":79,"column":44}},{"start":{"line":79,"column":44},"end":{"line":79,"column":null}}],"line":79},"14":{"loc":{"start":{"line":80,"column":18},"end":{"line":80,"column":null}},"type":"binary-expr","locations":[{"start":{"line":80,"column":18},"end":{"line":80,"column":32}},{"start":{"line":80,"column":32},"end":{"line":80,"column":null}}],"line":80},"15":{"loc":{"start":{"line":80,"column":32},"end":{"line":80,"column":null}},"type":"cond-expr","locations":[{"start":{"line":80,"column":47},"end":{"line":80,"column":58}},{"start":{"line":80,"column":58},"end":{"line":80,"column":null}}],"line":80},"16":{"loc":{"start":{"line":88,"column":26},"end":{"line":88,"column":73}},"type":"default-arg","locations":[{"start":{"line":88,"column":50},"end":{"line":88,"column":73}}],"line":88},"17":{"loc":{"start":{"line":92,"column":39},"end":{"line":92,"column":87}},"type":"default-arg","locations":[{"start":{"line":92,"column":63},"end":{"line":92,"column":87}}],"line":92},"18":{"loc":{"start":{"line":95,"column":4},"end":{"line":96,"column":null}},"type":"if","locations":[{"start":{"line":95,"column":4},"end":{"line":96,"column":null}},{"start":{},"end":{}}],"line":95},"19":{"loc":{"start":{"line":105,"column":24},"end":{"line":105,"column":71}},"type":"default-arg","locations":[{"start":{"line":105,"column":48},"end":{"line":105,"column":71}}],"line":105},"20":{"loc":{"start":{"line":113,"column":2},"end":{"line":113,"column":null}},"type":"default-arg","locations":[{"start":{"line":113,"column":26},"end":{"line":113,"column":null}}],"line":113},"21":{"loc":{"start":{"line":129,"column":2},"end":{"line":134,"column":null}},"type":"if","locations":[{"start":{"line":129,"column":2},"end":{"line":134,"column":null}},{"start":{"line":131,"column":13},"end":{"line":134,"column":null}}],"line":129},"22":{"loc":{"start":{"line":131,"column":13},"end":{"line":134,"column":null}},"type":"if","locations":[{"start":{"line":131,"column":13},"end":{"line":134,"column":null}},{"start":{"line":133,"column":9},"end":{"line":134,"column":null}}],"line":131},"23":{"loc":{"start":{"line":151,"column":2},"end":{"line":152,"column":null}},"type":"if","locations":[{"start":{"line":151,"column":2},"end":{"line":152,"column":null}},{"start":{},"end":{}}],"line":151},"24":{"loc":{"start":{"line":172,"column":6},"end":{"line":173,"column":null}},"type":"if","locations":[{"start":{"line":172,"column":6},"end":{"line":173,"column":null}},{"start":{},"end":{}}],"line":172},"25":{"loc":{"start":{"line":262,"column":18},"end":{"line":262,"column":null}},"type":"binary-expr","locations":[{"start":{"line":262,"column":18},"end":{"line":262,"column":53}},{"start":{"line":262,"column":53},"end":{"line":262,"column":null}}],"line":262},"26":{"loc":{"start":{"line":269,"column":21},"end":{"line":269,"column":null}},"type":"cond-expr","locations":[{"start":{"line":269,"column":67},"end":{"line":269,"column":108}},{"start":{"line":269,"column":111},"end":{"line":269,"column":null}}],"line":269},"27":{"loc":{"start":{"line":269,"column":21},"end":{"line":269,"column":67}},"type":"binary-expr","locations":[{"start":{"line":269,"column":21},"end":{"line":269,"column":26}},{"start":{"line":269,"column":26},"end":{"line":269,"column":51}},{"start":{"line":269,"column":51},"end":{"line":269,"column":67}}],"line":269},"28":{"loc":{"start":{"line":276,"column":4},"end":{"line":286,"column":null}},"type":"if","locations":[{"start":{"line":276,"column":4},"end":{"line":286,"column":null}},{"start":{},"end":{}}],"line":276},"29":{"loc":{"start":{"line":276,"column":8},"end":{"line":276,"column":52}},"type":"binary-expr","locations":[{"start":{"line":276,"column":8},"end":{"line":276,"column":19}},{"start":{"line":276,"column":19},"end":{"line":276,"column":52}}],"line":276},"30":{"loc":{"start":{"line":277,"column":23},"end":{"line":277,"column":null}},"type":"binary-expr","locations":[{"start":{"line":277,"column":23},"end":{"line":277,"column":67}},{"start":{"line":277,"column":67},"end":{"line":277,"column":null}}],"line":277},"31":{"loc":{"start":{"line":284,"column":61},"end":{"line":284,"column":103}},"type":"cond-expr","locations":[{"start":{"line":284,"column":82},"end":{"line":284,"column":94}},{"start":{"line":284,"column":94},"end":{"line":284,"column":103}}],"line":284},"32":{"loc":{"start":{"line":303,"column":2},"end":{"line":303,"column":null}},"type":"default-arg","locations":[{"start":{"line":303,"column":19},"end":{"line":303,"column":null}}],"line":303},"33":{"loc":{"start":{"line":315,"column":4},"end":{"line":315,"column":null}},"type":"if","locations":[{"start":{"line":315,"column":4},"end":{"line":315,"column":null}},{"start":{},"end":{}}],"line":315},"34":{"loc":{"start":{"line":317,"column":4},"end":{"line":319,"column":null}},"type":"if","locations":[{"start":{"line":317,"column":4},"end":{"line":319,"column":null}},{"start":{},"end":{}}],"line":317},"35":{"loc":{"start":{"line":326,"column":2},"end":{"line":341,"column":null}},"type":"if","locations":[{"start":{"line":326,"column":2},"end":{"line":341,"column":null}},{"start":{},"end":{}}],"line":326},"36":{"loc":{"start":{"line":330,"column":6},"end":{"line":332,"column":null}},"type":"if","locations":[{"start":{"line":330,"column":6},"end":{"line":332,"column":null}},{"start":{},"end":{}}],"line":330},"37":{"loc":{"start":{"line":330,"column":10},"end":{"line":330,"column":57}},"type":"binary-expr","locations":[{"start":{"line":330,"column":10},"end":{"line":330,"column":22}},{"start":{"line":330,"column":22},"end":{"line":330,"column":57}}],"line":330},"38":{"loc":{"start":{"line":337,"column":4},"end":{"line":339,"column":null}},"type":"if","locations":[{"start":{"line":337,"column":4},"end":{"line":339,"column":null}},{"start":{},"end":{}}],"line":337},"39":{"loc":{"start":{"line":350,"column":4},"end":{"line":352,"column":null}},"type":"if","locations":[{"start":{"line":350,"column":4},"end":{"line":352,"column":null}},{"start":{},"end":{}}],"line":350},"40":{"loc":{"start":{"line":351,"column":6},"end":{"line":351,"column":null}},"type":"if","locations":[{"start":{"line":351,"column":6},"end":{"line":351,"column":null}},{"start":{},"end":{}}],"line":351},"41":{"loc":{"start":{"line":354,"column":4},"end":{"line":356,"column":null}},"type":"if","locations":[{"start":{"line":354,"column":4},"end":{"line":356,"column":null}},{"start":{},"end":{}}],"line":354},"42":{"loc":{"start":{"line":355,"column":6},"end":{"line":355,"column":null}},"type":"if","locations":[{"start":{"line":355,"column":6},"end":{"line":355,"column":null}},{"start":{},"end":{}}],"line":355},"43":{"loc":{"start":{"line":372,"column":29},"end":{"line":372,"column":79}},"type":"default-arg","locations":[{"start":{"line":372,"column":48},"end":{"line":372,"column":79}}],"line":372},"44":{"loc":{"start":{"line":385,"column":2},"end":{"line":385,"column":null}},"type":"default-arg","locations":[{"start":{"line":385,"column":26},"end":{"line":385,"column":null}}],"line":385},"45":{"loc":{"start":{"line":386,"column":2},"end":{"line":386,"column":null}},"type":"default-arg","locations":[{"start":{"line":386,"column":19},"end":{"line":386,"column":null}}],"line":386},"46":{"loc":{"start":{"line":395,"column":4},"end":{"line":396,"column":null}},"type":"if","locations":[{"start":{"line":395,"column":4},"end":{"line":396,"column":null}},{"start":{},"end":{}}],"line":395},"47":{"loc":{"start":{"line":403,"column":4},"end":{"line":404,"column":null}},"type":"if","locations":[{"start":{"line":403,"column":4},"end":{"line":404,"column":null}},{"start":{},"end":{}}],"line":403},"48":{"loc":{"start":{"line":409,"column":4},"end":{"line":432,"column":null}},"type":"if","locations":[{"start":{"line":409,"column":4},"end":{"line":432,"column":null}},{"start":{"line":418,"column":11},"end":{"line":432,"column":null}}],"line":409},"49":{"loc":{"start":{"line":416,"column":63},"end":{"line":416,"column":105}},"type":"cond-expr","locations":[{"start":{"line":416,"column":84},"end":{"line":416,"column":96}},{"start":{"line":416,"column":96},"end":{"line":416,"column":105}}],"line":416},"50":{"loc":{"start":{"line":421,"column":6},"end":{"line":423,"column":null}},"type":"if","locations":[{"start":{"line":421,"column":6},"end":{"line":423,"column":null}},{"start":{},"end":{}}],"line":421},"51":{"loc":{"start":{"line":432,"column":67},"end":{"line":432,"column":109}},"type":"cond-expr","locations":[{"start":{"line":432,"column":88},"end":{"line":432,"column":100}},{"start":{"line":432,"column":100},"end":{"line":432,"column":109}}],"line":432},"52":{"loc":{"start":{"line":447,"column":2},"end":{"line":469,"column":null}},"type":"if","locations":[{"start":{"line":447,"column":2},"end":{"line":469,"column":null}},{"start":{},"end":{}}],"line":447},"53":{"loc":{"start":{"line":452,"column":6},"end":{"line":452,"column":null}},"type":"if","locations":[{"start":{"line":452,"column":6},"end":{"line":452,"column":null}},{"start":{},"end":{}}],"line":452},"54":{"loc":{"start":{"line":453,"column":6},"end":{"line":453,"column":null}},"type":"if","locations":[{"start":{"line":453,"column":6},"end":{"line":453,"column":null}},{"start":{},"end":{}}],"line":453},"55":{"loc":{"start":{"line":456,"column":4},"end":{"line":458,"column":null}},"type":"if","locations":[{"start":{"line":456,"column":4},"end":{"line":458,"column":null}},{"start":{},"end":{}}],"line":456},"56":{"loc":{"start":{"line":456,"column":8},"end":{"line":456,"column":33}},"type":"binary-expr","locations":[{"start":{"line":456,"column":8},"end":{"line":456,"column":22}},{"start":{"line":456,"column":22},"end":{"line":456,"column":33}}],"line":456},"57":{"loc":{"start":{"line":486,"column":2},"end":{"line":491,"column":null}},"type":"if","locations":[{"start":{"line":486,"column":2},"end":{"line":491,"column":null}},{"start":{"line":489,"column":9},"end":{"line":491,"column":null}}],"line":486},"58":{"loc":{"start":{"line":494,"column":2},"end":{"line":496,"column":null}},"type":"if","locations":[{"start":{"line":494,"column":2},"end":{"line":496,"column":null}},{"start":{},"end":{}}],"line":494},"59":{"loc":{"start":{"line":501,"column":2},"end":{"line":502,"column":null}},"type":"if","locations":[{"start":{"line":501,"column":2},"end":{"line":502,"column":null}},{"start":{},"end":{}}],"line":501},"60":{"loc":{"start":{"line":507,"column":2},"end":{"line":509,"column":null}},"type":"if","locations":[{"start":{"line":507,"column":2},"end":{"line":509,"column":null}},{"start":{},"end":{}}],"line":507},"61":{"loc":{"start":{"line":516,"column":2},"end":{"line":518,"column":null}},"type":"if","locations":[{"start":{"line":516,"column":2},"end":{"line":518,"column":null}},{"start":{},"end":{}}],"line":516},"62":{"loc":{"start":{"line":516,"column":6},"end":{"line":516,"column":39}},"type":"binary-expr","locations":[{"start":{"line":516,"column":6},"end":{"line":516,"column":23}},{"start":{"line":516,"column":23},"end":{"line":516,"column":39}}],"line":516},"63":{"loc":{"start":{"line":527,"column":21},"end":{"line":527,"column":99}},"type":"binary-expr","locations":[{"start":{"line":527,"column":21},"end":{"line":527,"column":58}},{"start":{"line":527,"column":62},"end":{"line":527,"column":99}}],"line":527},"64":{"loc":{"start":{"line":528,"column":0},"end":{"line":532,"column":null}},"type":"if","locations":[{"start":{"line":528,"column":0},"end":{"line":532,"column":null}},{"start":{},"end":{}}],"line":528}},"s":{"0":1,"1":4,"2":4,"3":10,"4":10,"5":5,"6":5,"7":5,"8":1,"9":4,"10":5,"11":5,"12":0,"13":5,"14":0,"15":1,"16":1,"17":0,"18":0,"19":0,"20":0,"21":0,"22":0,"23":0,"24":0,"25":0,"26":0,"27":0,"28":1,"29":1,"30":5,"31":5,"32":5,"33":4,"34":5,"35":5,"36":2,"37":1,"38":0,"39":0,"40":0,"41":0,"42":0,"43":0,"44":0,"45":0,"46":0,"47":0,"48":0,"49":0,"50":0,"51":0,"52":0,"53":0,"54":0,"55":0,"56":0,"57":0,"58":0,"59":0,"60":0,"61":0,"62":0,"63":0,"64":0,"65":0,"66":0,"67":0,"68":0,"69":0,"70":0,"71":0,"72":0,"73":0,"74":0,"75":0,"76":0,"77":0,"78":0,"79":0,"80":0,"81":0,"82":0,"83":0,"84":0,"85":0,"86":0,"87":0,"88":0,"89":0,"90":0,"91":0,"92":0,"93":0,"94":0,"95":0,"96":0,"97":0,"98":0,"99":0,"100":0,"101":0,"102":0,"103":0,"104":0,"105":0,"106":0,"107":0,"108":0,"109":0,"110":0,"111":0,"112":0,"113":0,"114":8,"115":8,"116":8,"117":8,"118":8,"119":8,"120":10,"121":10,"122":1,"123":9,"124":9,"125":6,"126":6,"127":8,"128":8,"129":2,"130":2,"131":2,"132":1,"133":1,"134":2,"135":2,"136":2,"137":2,"138":2,"139":6,"140":6,"141":6,"142":6,"143":30,"144":8,"145":6,"146":8,"147":22,"148":6,"149":6,"150":6,"151":16,"152":6,"153":16,"154":6,"155":6,"156":0,"157":0,"158":0,"159":0,"160":0,"161":0,"162":0,"163":0,"164":0,"165":0,"166":0,"167":0,"168":0,"169":0,"170":0,"171":0,"172":0,"173":0,"174":0,"175":0,"176":0,"177":0,"178":0,"179":0,"180":0,"181":0,"182":0,"183":0,"184":0,"185":0,"186":0,"187":0,"188":0,"189":0,"190":0,"191":0,"192":0,"193":0,"194":0,"195":0,"196":0,"197":0,"198":0,"199":0,"200":0,"201":0,"202":0,"203":0,"204":0,"205":0,"206":0,"207":0,"208":0,"209":0,"210":0,"211":0,"212":0,"213":0,"214":0,"215":0,"216":0,"217":0,"218":0,"219":0,"220":0,"221":0,"222":0,"223":0,"224":0,"225":0,"226":0,"227":0,"228":0,"229":0,"230":0,"231":0,"232":0,"233":0,"234":0,"235":0,"236":0,"237":0,"238":0,"239":0,"240":0,"241":1,"242":1,"243":0,"244":0,"245":0},"f":{"0":4,"1":1,"2":0,"3":0,"4":0,"5":1,"6":5,"7":1,"8":0,"9":0,"10":0,"11":0,"12":8,"13":16,"14":0,"15":0,"16":0,"17":0,"18":0,"19":0},"b":{"0":[1,1],"1":[4],"2":[4],"3":[5,5],"4":[1,4],"5":[0,5],"6":[1],"7":[0,0],"8":[0,0],"9":[0,0],"10":[0,0],"11":[0,0],"12":[0,0],"13":[0,0],"14":[0,0],"15":[0,0],"16":[1],"17":[5],"18":[4,1],"19":[1],"20":[0],"21":[0,0],"22":[0,0],"23":[0,0],"24":[0,0],"25":[0,0],"26":[0,0],"27":[0,0,0],"28":[0,0],"29":[0,0],"30":[0,0],"31":[0,0],"32":[8],"33":[1,9],"34":[6,3],"35":[2,6],"36":[1,1],"37":[2,1],"38":[2,0],"39":[8,22],"40":[6,2],"41":[6,16],"42":[6,0],"43":[0],"44":[0],"45":[0],"46":[0,0],"47":[0,0],"48":[0,0],"49":[0,0],"50":[0,0],"51":[0,0],"52":[0,0],"53":[0,0],"54":[0,0],"55":[0,0],"56":[0,0],"57":[0,0],"58":[0,0],"59":[0,0],"60":[0,0],"61":[0,0],"62":[0,0],"63":[1,1],"64":[0,1]},"meta":{"lastBranch":65,"lastFunction":20,"lastStatement":246,"seen":{"s:12:15:12:Infinity":0,"b:12:15:12:37:12:37:12:Infinity":0,"f:28:16:28:Infinity":0,"b:29:16:29:29":1,"b:30:39:30:53":2,"s:33:19:33:Infinity":1,"s:34:2:53:Infinity":2,"s:35:10:35:43":3,"b:36:4:53:Infinity:47:11:53:Infinity":3,"s:36:4:53:Infinity":4,"s:38:12:38:46":5,"s:39:12:39:61":6,"b:41:6:45:Infinity:43:13:45:Infinity":4,"s:41:6:45:Infinity":7,"s:42:8:42:Infinity":8,"s:45:8:45:Infinity":9,"s:48:12:48:46":10,"b:50:6:51:Infinity:undefined:undefined:undefined:undefined":5,"s:50:6:51:Infinity":11,"s:51:8:51:Infinity":12,"s:53:6:53:Infinity":13,"s:57:2:57:Infinity":14,"s:60:23:60:41":15,"f:62:9:62:36":1,"b:62:55:62:86":6,"s:63:2:83:Infinity":16,"f:64:4:64:8":2,"s:65:27:65:74":17,"b:65:27:65:49:65:53:65:74":7,"s:66:18:66:Infinity":18,"b:66:18:66:32:66:32:66:Infinity":8,"b:66:47:66:58:66:58:66:Infinity":9,"s:67:6:67:Infinity":19,"f:69:4:69:14":3,"s:70:6:75:Infinity":20,"s:71:29:71:Infinity":21,"b:71:29:71:46:71:46:71:Infinity":10,"s:72:20:72:Infinity":22,"b:72:20:72:34:72:34:72:Infinity":11,"b:72:49:72:60:72:60:72:Infinity":12,"s:73:8:73:Infinity":23,"s:75:8:75:Infinity":24,"f:78:4:78:12":4,"s:79:27:79:Infinity":25,"b:79:27:79:44:79:44:79:Infinity":13,"s:80:18:80:Infinity":26,"b:80:18:80:32:80:32:80:Infinity":14,"b:80:47:80:58:80:58:80:Infinity":15,"s:81:6:81:Infinity":27,"s:86:22:86:50":28,"f:88:16:88:26":5,"b:88:50:88:73":16,"s:89:2:89:Infinity":29,"f:92:16:92:22":6,"b:92:63:92:87":17,"s:93:2:101:Infinity":30,"s:94:17:94:Infinity":31,"b:95:4:96:Infinity:undefined:undefined:undefined:undefined":18,"s:95:4:96:Infinity":32,"s:96:6:96:Infinity":33,"s:98:4:98:Infinity":34,"s:99:4:99:Infinity":35,"s:101:4:101:Infinity":36,"f:105:16:105:24":7,"b:105:48:105:71":19,"s:106:2:106:Infinity":37,"f:109:22:109:Infinity":8,"b:113:26:113:Infinity":20,"s:115:20:115:Infinity":38,"s:118:2:122:Infinity":39,"s:119:4:119:Infinity":40,"s:120:4:120:Infinity":41,"s:121:4:121:Infinity":42,"s:126:23:126:107":43,"s:127:22:127:95":44,"b:129:2:134:Infinity:131:13:134:Infinity":21,"s:129:2:134:Infinity":45,"s:130:4:130:Infinity":46,"b:131:13:134:Infinity:133:9:134:Infinity":22,"s:131:13:134:Infinity":47,"s:132:4:132:Infinity":48,"s:134:4:134:Infinity":49,"f:138:15:138:32":9,"s:139:20:139:Infinity":50,"s:140:8:140:44":51,"s:142:17:145:Infinity":52,"s:147:8:147:52":53,"s:148:2:148:Infinity":54,"s:150:19:150:47":55,"b:151:2:152:Infinity:undefined:undefined:undefined:undefined":23,"s:151:2:152:Infinity":56,"s:152:4:152:Infinity":57,"s:155:8:155:46":58,"s:157:2:182:Infinity":59,"s:158:4:163:Infinity":60,"s:159:6:162:Infinity":61,"s:167:4:176:Infinity":62,"s:168:6:168:Infinity":63,"s:169:6:169:Infinity":64,"s:170:6:170:Infinity":65,"b:172:6:173:Infinity:undefined:undefined:undefined:undefined":24,"s:172:6:173:Infinity":66,"s:173:8:173:Infinity":67,"s:175:12:175:50":68,"s:176:6:176:Infinity":69,"s:179:4:182:Infinity":70,"s:180:6:180:Infinity":71,"s:181:6:181:Infinity":72,"f:186:15:186:33":10,"s:187:8:187:53":73,"s:188:17:191:Infinity":74,"s:192:2:192:Infinity":75,"s:194:2:215:Infinity":76,"s:195:4:197:Infinity":77,"s:198:4:198:Infinity":78,"s:199:4:199:Infinity":79,"s:201:4:210:Infinity":80,"s:202:12:205:Infinity":81,"s:207:12:207:95":82,"s:208:6:208:Infinity":83,"s:210:6:210:Infinity":84,"s:213:4:215:Infinity":85,"s:214:6:214:Infinity":86,"f:219:15:219:Infinity":11,"s:226:23:226:Infinity":87,"s:228:8:228:55":88,"s:229:17:255:Infinity":89,"s:256:2:256:Infinity":90,"s:258:8:258:52":91,"s:259:8:259:52":92,"s:261:2:295:Infinity":93,"s:262:18:262:Infinity":94,"b:262:18:262:53:262:53:262:Infinity":25,"s:263:4:270:Infinity":95,"s:264:12:266:8":96,"s:267:6:267:Infinity":97,"s:269:21:269:Infinity":98,"b:269:67:269:108:269:111:269:Infinity":26,"b:269:21:269:26:269:26:269:51:269:51:269:67":27,"s:270:6:270:Infinity":99,"s:273:8:273:49":100,"s:274:10:274:48":101,"b:276:4:286:Infinity:undefined:undefined:undefined:undefined":28,"s:276:4:286:Infinity":102,"b:276:8:276:19:276:19:276:52":29,"s:277:23:277:Infinity":103,"b:277:23:277:67:277:67:277:Infinity":30,"s:278:6:284:Infinity":104,"s:279:14:281:10":105,"s:282:8:282:Infinity":106,"s:284:8:284:Infinity":107,"b:284:82:284:94:284:94:284:103":31,"s:286:6:286:Infinity":108,"s:289:4:289:Infinity":109,"s:291:4:295:Infinity":110,"s:292:6:292:Infinity":111,"s:293:6:293:Infinity":112,"s:294:6:294:Infinity":113,"f:299:22:299:Infinity":12,"b:303:19:303:Infinity":32,"s:305:23:305:Infinity":114,"s:306:16:306:55":115,"s:309:16:309:Infinity":116,"s:310:26:310:57":117,"s:311:18:311:77":118,"s:313:2:319:Infinity":119,"s:314:20:314:31":120,"b:315:4:315:Infinity:undefined:undefined:undefined:undefined":33,"s:315:4:315:Infinity":121,"s:315:18:315:Infinity":122,"s:316:18:316:40":123,"b:317:4:319:Infinity:undefined:undefined:undefined:undefined":34,"s:317:4:319:Infinity":124,"s:318:6:318:Infinity":125,"s:319:6:319:Infinity":126,"s:324:2:324:Infinity":127,"b:326:2:341:Infinity:undefined:undefined:undefined:undefined":35,"s:326:2:341:Infinity":128,"s:328:4:334:Infinity":129,"s:329:23:329:78":130,"b:330:6:332:Infinity:undefined:undefined:undefined:undefined":36,"s:330:6:332:Infinity":131,"b:330:10:330:22:330:22:330:57":37,"s:331:8:331:Infinity":132,"s:332:8:332:Infinity":133,"s:336:4:336:Infinity":134,"b:337:4:339:Infinity:undefined:undefined:undefined:undefined":38,"s:337:4:339:Infinity":135,"s:338:6:338:Infinity":136,"s:339:6:339:Infinity":137,"s:341:4:341:Infinity":138,"s:345:21:345:Infinity":139,"s:346:19:346:Infinity":140,"s:347:30:347:32":141,"s:349:2:358:Infinity":142,"b:350:4:352:Infinity:undefined:undefined:undefined:undefined":39,"s:350:4:352:Infinity":143,"b:351:6:351:Infinity:undefined:undefined:undefined:undefined":40,"s:351:6:351:Infinity":144,"s:351:35:351:Infinity":145,"s:352:6:352:Infinity":146,"b:354:4:356:Infinity:undefined:undefined:undefined:undefined":41,"s:354:4:356:Infinity":147,"b:355:6:355:Infinity:undefined:undefined:undefined:undefined":42,"s:355:6:355:Infinity":148,"s:355:30:355:Infinity":149,"s:356:6:356:Infinity":150,"s:358:4:358:Infinity":151,"s:362:15:366:11":152,"f:363:5:363:13":13,"s:363:19:363:97":153,"s:368:2:368:Infinity":154,"s:369:2:369:Infinity":155,"f:372:15:372:29":14,"b:372:48:372:79":43,"s:373:2:373:Infinity":156,"s:375:2:379:Infinity":157,"s:376:4:376:Infinity":158,"s:378:4:378:Infinity":159,"s:379:4:379:Infinity":160,"f:383:22:383:Infinity":15,"b:385:26:385:Infinity":44,"b:386:19:386:Infinity":45,"s:388:17:388:54":161,"s:389:8:389:45":162,"s:390:8:390:43":163,"s:392:21:392:36":164,"s:394:2:438:Infinity":165,"b:395:4:396:Infinity:undefined:undefined:undefined:undefined":46,"s:395:4:396:Infinity":166,"s:396:6:396:Infinity":167,"s:399:4:399:Infinity":168,"s:400:22:400:37":169,"b:403:4:404:Infinity:undefined:undefined:undefined:undefined":47,"s:403:4:404:Infinity":170,"s:404:6:404:Infinity":171,"s:407:18:407:73":172,"b:409:4:432:Infinity:418:11:432:Infinity":48,"s:409:4:432:Infinity":173,"s:411:6:411:Infinity":174,"s:412:6:416:Infinity":175,"s:414:8:414:Infinity":176,"s:416:8:416:Infinity":177,"b:416:84:416:96:416:96:416:105":49,"s:420:28:420:45":178,"b:421:6:423:Infinity:undefined:undefined:undefined:undefined":50,"s:421:6:423:Infinity":179,"s:422:8:422:Infinity":180,"s:423:8:423:Infinity":181,"s:426:6:426:Infinity":182,"s:427:6:427:Infinity":183,"s:428:6:432:Infinity":184,"s:430:8:430:Infinity":185,"s:432:8:432:Infinity":186,"b:432:88:432:100:432:100:432:109":51,"s:436:4:438:Infinity":187,"s:437:6:437:Infinity":188,"f:442:15:442:37":16,"s:443:15:443:36":189,"s:444:18:444:Infinity":190,"s:445:17:445:43":191,"b:447:2:469:Infinity:undefined:undefined:undefined:undefined":52,"s:447:2:469:Infinity":192,"s:448:20:448:Infinity":193,"s:449:19:449:Infinity":194,"s:451:4:453:Infinity":195,"s:451:17:451:20":196,"b:452:6:452:Infinity:undefined:undefined:undefined:undefined":53,"s:452:6:452:Infinity":197,"s:452:38:452:Infinity":198,"b:453:6:453:Infinity:undefined:undefined:undefined:undefined":54,"s:453:6:453:Infinity":199,"s:453:37:453:Infinity":200,"b:456:4:458:Infinity:undefined:undefined:undefined:undefined":55,"s:456:4:458:Infinity":201,"b:456:8:456:22:456:22:456:33":56,"s:457:6:457:Infinity":202,"s:458:6:458:Infinity":203,"s:461:10:461:56":204,"s:462:4:467:Infinity":205,"s:463:6:463:Infinity":206,"s:465:6:467:Infinity":207,"s:466:8:466:Infinity":208,"s:469:4:469:Infinity":209,"s:474:24:474:35":210,"s:475:2:475:Infinity":211,"s:477:2:477:Infinity":212,"s:478:2:478:Infinity":213,"s:479:2:479:Infinity":214,"s:481:2:481:Infinity":215,"s:482:2:482:Infinity":216,"s:484:24:484:44":217,"b:486:2:491:Infinity:489:9:491:Infinity":57,"s:486:2:491:Infinity":218,"s:487:4:487:Infinity":219,"s:488:4:488:Infinity":220,"s:490:4:490:Infinity":221,"s:491:4:491:Infinity":222,"b:494:2:496:Infinity:undefined:undefined:undefined:undefined":58,"s:494:2:496:Infinity":223,"s:495:4:495:Infinity":224,"s:496:4:496:Infinity":225,"s:500:25:500:Infinity":226,"b:501:2:502:Infinity:undefined:undefined:undefined:undefined":59,"s:501:2:502:Infinity":227,"s:502:4:502:Infinity":228,"s:505:2:505:Infinity":229,"b:507:2:509:Infinity:undefined:undefined:undefined:undefined":60,"s:507:2:509:Infinity":230,"s:508:4:508:Infinity":231,"s:509:4:509:Infinity":232,"s:512:16:514:Infinity":233,"f:512:26:512:43":17,"s:513:4:513:Infinity":234,"f:513:23:513:32":18,"s:513:41:513:86":235,"b:516:2:518:Infinity:undefined:undefined:undefined:undefined":61,"s:516:2:518:Infinity":236,"b:516:6:516:23:516:23:516:39":62,"s:517:4:517:Infinity":237,"s:518:4:518:Infinity":238,"s:521:2:521:Infinity":239,"s:522:2:522:Infinity":240,"s:527:21:527:99":241,"b:527:21:527:58:527:62:527:99":63,"b:528:0:532:Infinity:undefined:undefined:undefined:undefined":64,"s:528:0:532:Infinity":242,"s:529:2:532:Infinity":243,"f:529:9:529:16":19,"s:530:4:530:Infinity":244,"s:531:4:531:Infinity":245}}}
}
